<?xml version="1.0" encoding="utf-8"?>
<coverage line-rate="0.4968" branch-rate="0.3194" version="1.9" timestamp="1759039894" lines-covered="555" lines-valid="1117" branches-covered="92" branches-valid="288">
  <sources>
    <source>D:\source\repos\plc-unified-simulator\src\</source>
  </sources>
  <packages>
    <package name="PLCUnifiedSimulator.Core" line-rate="0.5434" branch-rate="0.3" complexity="31">
      <classes>
        <class name="PLCUnifiedSimulator.Core.PLCAddress" filename="PLCUnifiedSimulator.Core\PLCData.cs" line-rate="1" branch-rate="1" complexity="5">
          <methods>
            <method name="get_DeviceType" signature="()" line-rate="1" branch-rate="1" complexity="1">
              <lines>
                <line number="8" hits="38" branch="False" />
              </lines>
            </method>
            <method name="get_Address" signature="()" line-rate="1" branch-rate="1" complexity="1">
              <lines>
                <line number="9" hits="23" branch="False" />
              </lines>
            </method>
            <method name="get_Size" signature="()" line-rate="1" branch-rate="1" complexity="1">
              <lines>
                <line number="10" hits="16" branch="False" />
              </lines>
            </method>
            <method name="ToString" signature="()" line-rate="1" branch-rate="1" complexity="1">
              <lines>
                <line number="21" hits="1" branch="False" />
              </lines>
            </method>
            <method name=".ctor" signature="(System.String,System.Int32,System.Int32)" line-rate="1" branch-rate="1" complexity="1">
              <lines>
                <line number="12" hits="15" branch="False" />
                <line number="14" hits="15" branch="False" />
                <line number="15" hits="15" branch="False" />
                <line number="16" hits="15" branch="False" />
                <line number="17" hits="15" branch="False" />
              </lines>
            </method>
          </methods>
          <lines>
            <line number="8" hits="38" branch="False" />
            <line number="9" hits="23" branch="False" />
            <line number="10" hits="16" branch="False" />
            <line number="21" hits="1" branch="False" />
            <line number="12" hits="15" branch="False" />
            <line number="14" hits="15" branch="False" />
            <line number="15" hits="15" branch="False" />
            <line number="16" hits="15" branch="False" />
            <line number="17" hits="15" branch="False" />
          </lines>
        </class>
        <class name="PLCUnifiedSimulator.Core.PLCData" filename="PLCUnifiedSimulator.Core\PLCData.cs" line-rate="0.9375" branch-rate="0.75" complexity="12">
          <methods>
            <method name="get_Address" signature="()" line-rate="1" branch-rate="1" complexity="1">
              <lines>
                <line number="30" hits="5" branch="False" />
              </lines>
            </method>
            <method name="get_Data" signature="()" line-rate="1" branch-rate="1" complexity="1">
              <lines>
                <line number="31" hits="8" branch="False" />
              </lines>
            </method>
            <method name="get_Timestamp" signature="()" line-rate="1" branch-rate="1" complexity="1">
              <lines>
                <line number="32" hits="5" branch="False" />
              </lines>
            </method>
            <method name="GetValue" signature="()" line-rate="0.875" branch-rate="0.75" complexity="8">
              <lines>
                <line number="43" hits="3" branch="False" />
                <line number="44" hits="3" branch="False" />
                <line number="45" hits="4" branch="True" condition-coverage="100% (2/2)">
                  <conditions>
                    <condition number="27" type="jump" coverage="100%" />
                  </conditions>
                </line>
                <line number="46" hits="3" branch="True" condition-coverage="100% (2/2)">
                  <conditions>
                    <condition number="73" type="jump" coverage="100%" />
                  </conditions>
                </line>
                <line number="47" hits="1" branch="True" condition-coverage="50% (1/2)">
                  <conditions>
                    <condition number="119" type="jump" coverage="50%" />
                  </conditions>
                </line>
                <line number="48" hits="2" branch="True" condition-coverage="50% (1/2)">
                  <conditions>
                    <condition number="162" type="jump" coverage="50%" />
                  </conditions>
                </line>
                <line number="49" hits="0" branch="False" />
                <line number="50" hits="3" branch="False" />
              </lines>
            </method>
            <method name=".ctor" signature="(PLCUnifiedSimulator.Core.PLCAddress,System.Byte[])" line-rate="1" branch-rate="1" complexity="1">
              <lines>
                <line number="34" hits="4" branch="False" />
                <line number="36" hits="4" branch="False" />
                <line number="37" hits="4" branch="False" />
                <line number="38" hits="4" branch="False" />
                <line number="39" hits="4" branch="False" />
              </lines>
            </method>
          </methods>
          <lines>
            <line number="30" hits="5" branch="False" />
            <line number="31" hits="8" branch="False" />
            <line number="32" hits="5" branch="False" />
            <line number="43" hits="3" branch="False" />
            <line number="44" hits="3" branch="False" />
            <line number="45" hits="4" branch="True" condition-coverage="100% (2/2)">
              <conditions>
                <condition number="27" type="jump" coverage="100%" />
              </conditions>
            </line>
            <line number="46" hits="3" branch="True" condition-coverage="100% (2/2)">
              <conditions>
                <condition number="73" type="jump" coverage="100%" />
              </conditions>
            </line>
            <line number="47" hits="1" branch="True" condition-coverage="50% (1/2)">
              <conditions>
                <condition number="119" type="jump" coverage="50%" />
              </conditions>
            </line>
            <line number="48" hits="2" branch="True" condition-coverage="50% (1/2)">
              <conditions>
                <condition number="162" type="jump" coverage="50%" />
              </conditions>
            </line>
            <line number="49" hits="0" branch="False" />
            <line number="50" hits="3" branch="False" />
            <line number="34" hits="4" branch="False" />
            <line number="36" hits="4" branch="False" />
            <line number="37" hits="4" branch="False" />
            <line number="38" hits="4" branch="False" />
            <line number="39" hits="4" branch="False" />
          </lines>
        </class>
        <class name="PLCUnifiedSimulator.Core.PLCProtocolBase" filename="PLCUnifiedSimulator.Core\PLCProtocolBase.cs" line-rate="0.11109999999999999" branch-rate="0" complexity="6">
          <methods>
            <method name="get_IsConnected" signature="()" line-rate="1" branch-rate="1" complexity="1">
              <lines>
                <line number="13" hits="4" branch="False" />
              </lines>
            </method>
            <method name="Dispose" signature="(System.Boolean)" line-rate="0" branch-rate="0" complexity="4">
              <lines>
                <line number="49" hits="0" branch="True" condition-coverage="0% (0/2)">
                  <conditions>
                    <condition number="6" type="jump" coverage="0%" />
                  </conditions>
                </line>
                <line number="51" hits="0" branch="True" condition-coverage="0% (0/2)">
                  <conditions>
                    <condition number="9" type="jump" coverage="0%" />
                  </conditions>
                </line>
                <line number="53" hits="0" branch="False" />
                <line number="55" hits="0" branch="False" />
                <line number="57" hits="0" branch="False" />
              </lines>
            </method>
            <method name="Dispose" signature="()" line-rate="0" branch-rate="1" complexity="1">
              <lines>
                <line number="61" hits="0" branch="False" />
                <line number="62" hits="0" branch="False" />
                <line number="63" hits="0" branch="False" />
              </lines>
            </method>
          </methods>
          <lines>
            <line number="13" hits="4" branch="False" />
            <line number="49" hits="0" branch="True" condition-coverage="0% (0/2)">
              <conditions>
                <condition number="6" type="jump" coverage="0%" />
              </conditions>
            </line>
            <line number="51" hits="0" branch="True" condition-coverage="0% (0/2)">
              <conditions>
                <condition number="9" type="jump" coverage="0%" />
              </conditions>
            </line>
            <line number="53" hits="0" branch="False" />
            <line number="55" hits="0" branch="False" />
            <line number="57" hits="0" branch="False" />
            <line number="61" hits="0" branch="False" />
            <line number="62" hits="0" branch="False" />
            <line number="63" hits="0" branch="False" />
          </lines>
        </class>
        <class name="PLCUnifiedSimulator.Core.PLCProtocolBase/&lt;ReadMultipleAsync&gt;d__13" filename="PLCUnifiedSimulator.Core\PLCProtocolBase.cs" line-rate="0" branch-rate="0" complexity="4">
          <methods>
            <method name="MoveNext" signature="()" line-rate="0" branch-rate="0" complexity="4">
              <lines>
                <line number="23" hits="0" branch="False" />
                <line number="24" hits="0" branch="True" condition-coverage="0% (0/2)">
                  <conditions>
                    <condition number="197" type="jump" coverage="0%" />
                  </conditions>
                </line>
                <line number="26" hits="0" branch="False" />
                <line number="27" hits="0" branch="True" condition-coverage="0% (0/2)">
                  <conditions>
                    <condition number="171" type="jump" coverage="0%" />
                  </conditions>
                </line>
                <line number="29" hits="0" branch="False" />
                <line number="32" hits="0" branch="False" />
                <line number="33" hits="0" branch="False" />
              </lines>
            </method>
          </methods>
          <lines>
            <line number="23" hits="0" branch="False" />
            <line number="24" hits="0" branch="True" condition-coverage="0% (0/2)">
              <conditions>
                <condition number="197" type="jump" coverage="0%" />
              </conditions>
            </line>
            <line number="26" hits="0" branch="False" />
            <line number="27" hits="0" branch="True" condition-coverage="0% (0/2)">
              <conditions>
                <condition number="171" type="jump" coverage="0%" />
              </conditions>
            </line>
            <line number="29" hits="0" branch="False" />
            <line number="32" hits="0" branch="False" />
            <line number="33" hits="0" branch="False" />
          </lines>
        </class>
        <class name="PLCUnifiedSimulator.Core.PLCProtocolBase/&lt;WriteMultipleAsync&gt;d__14" filename="PLCUnifiedSimulator.Core\PLCProtocolBase.cs" line-rate="0" branch-rate="0" complexity="4">
          <methods>
            <method name="MoveNext" signature="()" line-rate="0" branch-rate="0" complexity="4">
              <lines>
                <line number="37" hits="0" branch="True" condition-coverage="0% (0/2)">
                  <conditions>
                    <condition number="188" type="jump" coverage="0%" />
                  </conditions>
                </line>
                <line number="39" hits="0" branch="True" condition-coverage="0% (0/2)">
                  <conditions>
                    <condition number="171" type="jump" coverage="0%" />
                  </conditions>
                </line>
                <line number="41" hits="0" branch="False" />
                <line number="44" hits="0" branch="False" />
                <line number="45" hits="0" branch="False" />
              </lines>
            </method>
          </methods>
          <lines>
            <line number="37" hits="0" branch="True" condition-coverage="0% (0/2)">
              <conditions>
                <condition number="188" type="jump" coverage="0%" />
              </conditions>
            </line>
            <line number="39" hits="0" branch="True" condition-coverage="0% (0/2)">
              <conditions>
                <condition number="171" type="jump" coverage="0%" />
              </conditions>
            </line>
            <line number="41" hits="0" branch="False" />
            <line number="44" hits="0" branch="False" />
            <line number="45" hits="0" branch="False" />
          </lines>
        </class>
      </classes>
    </package>
    <package name="PLCUnifiedSimulator.Protocols.Mitsubishi" line-rate="0.7259" branch-rate="0.4489" complexity="76">
      <classes>
        <class name="PLCUnifiedSimulator.Protocols.Mitsubishi.MitsubishiMCProtocol" filename="PLCUnifiedSimulator.Protocols.Mitsubishi\MitsubishiMCProtocol.cs" line-rate="0.1388" branch-rate="0.0555" complexity="29">
          <methods>
            <method name="get_PLCSeries" signature="()" line-rate="1" branch-rate="1" complexity="1">
              <lines>
                <line number="17" hits="12" branch="False" />
              </lines>
            </method>
            <method name="get_ProtocolName" signature="()" line-rate="1" branch-rate="1" complexity="1">
              <lines>
                <line number="18" hits="39" branch="False" />
              </lines>
            </method>
            <method name="get_DefaultPort" signature="()" line-rate="1" branch-rate="1" complexity="1">
              <lines>
                <line number="19" hits="13" branch="False" />
              </lines>
            </method>
            <method name="CreateReadRequest" signature="(PLCUnifiedSimulator.Core.PLCAddress)" line-rate="0" branch-rate="0" complexity="2">
              <lines>
                <line number="143" hits="0" branch="True" condition-coverage="0% (0/2)">
                  <conditions>
                    <condition number="11" type="jump" coverage="0%" />
                  </conditions>
                </line>
                <line number="145" hits="0" branch="False" />
                <line number="149" hits="0" branch="False" />
              </lines>
            </method>
            <method name="CreateBinaryReadRequest" signature="(PLCUnifiedSimulator.Core.PLCAddress)" line-rate="0" branch-rate="1" complexity="1">
              <lines>
                <line number="156" hits="0" branch="False" />
                <line number="159" hits="0" branch="False" />
                <line number="160" hits="0" branch="False" />
                <line number="161" hits="0" branch="False" />
                <line number="162" hits="0" branch="False" />
                <line number="163" hits="0" branch="False" />
                <line number="164" hits="0" branch="False" />
                <line number="167" hits="0" branch="False" />
                <line number="170" hits="0" branch="False" />
                <line number="173" hits="0" branch="False" />
                <line number="174" hits="0" branch="False" />
                <line number="175" hits="0" branch="False" />
                <line number="176" hits="0" branch="False" />
                <line number="177" hits="0" branch="False" />
                <line number="179" hits="0" branch="False" />
              </lines>
            </method>
            <method name="CreateASCIIReadRequest" signature="(PLCUnifiedSimulator.Core.PLCAddress)" line-rate="0" branch-rate="1" complexity="1">
              <lines>
                <line number="185" hits="0" branch="False" />
                <line number="187" hits="0" branch="False" />
                <line number="188" hits="0" branch="False" />
                <line number="189" hits="0" branch="False" />
                <line number="190" hits="0" branch="False" />
                <line number="191" hits="0" branch="False" />
                <line number="193" hits="0" branch="False" />
                <line number="194" hits="0" branch="False" />
                <line number="195" hits="0" branch="False" />
                <line number="196" hits="0" branch="False" />
                <line number="197" hits="0" branch="False" />
                <line number="198" hits="0" branch="False" />
                <line number="199" hits="0" branch="False" />
                <line number="200" hits="0" branch="False" />
                <line number="202" hits="0" branch="False" />
              </lines>
            </method>
            <method name="CreateWriteRequest" signature="(PLCUnifiedSimulator.Core.PLCAddress,System.Byte[])" line-rate="0" branch-rate="0" complexity="2">
              <lines>
                <line number="207" hits="0" branch="True" condition-coverage="0% (0/2)">
                  <conditions>
                    <condition number="11" type="jump" coverage="0%" />
                  </conditions>
                </line>
                <line number="209" hits="0" branch="False" />
                <line number="213" hits="0" branch="False" />
              </lines>
            </method>
            <method name="CreateBinaryWriteRequest" signature="(PLCUnifiedSimulator.Core.PLCAddress,System.Byte[])" line-rate="0" branch-rate="1" complexity="1">
              <lines>
                <line number="220" hits="0" branch="False" />
                <line number="223" hits="0" branch="False" />
                <line number="224" hits="0" branch="False" />
                <line number="225" hits="0" branch="False" />
                <line number="226" hits="0" branch="False" />
                <line number="227" hits="0" branch="False" />
                <line number="228" hits="0" branch="False" />
                <line number="231" hits="0" branch="False" />
                <line number="234" hits="0" branch="False" />
                <line number="237" hits="0" branch="False" />
                <line number="238" hits="0" branch="False" />
                <line number="239" hits="0" branch="False" />
                <line number="240" hits="0" branch="False" />
                <line number="241" hits="0" branch="False" />
                <line number="244" hits="0" branch="False" />
                <line number="246" hits="0" branch="False" />
              </lines>
            </method>
            <method name="CreateASCIIWriteRequest" signature="(PLCUnifiedSimulator.Core.PLCAddress,System.Byte[])" line-rate="0" branch-rate="1" complexity="1">
              <lines>
                <line number="252" hits="0" branch="False" />
                <line number="254" hits="0" branch="False" />
                <line number="255" hits="0" branch="False" />
                <line number="256" hits="0" branch="False" />
                <line number="257" hits="0" branch="False" />
                <line number="258" hits="0" branch="False" />
                <line number="259" hits="0" branch="False" />
                <line number="260" hits="0" branch="False" />
                <line number="262" hits="0" branch="False" />
                <line number="263" hits="0" branch="False" />
                <line number="264" hits="0" branch="False" />
                <line number="265" hits="0" branch="False" />
                <line number="266" hits="0" branch="False" />
                <line number="267" hits="0" branch="False" />
                <line number="268" hits="0" branch="False" />
                <line number="269" hits="0" branch="False" />
                <line number="271" hits="0" branch="False" />
              </lines>
            </method>
            <method name="IsValidResponse" signature="(System.Byte[],System.Int32)" line-rate="0" branch-rate="0" complexity="2">
              <lines>
                <line number="276" hits="0" branch="True" condition-coverage="0% (0/2)">
                  <conditions>
                    <condition number="3" type="jump" coverage="0%" />
                  </conditions>
                </line>
                <line number="279" hits="0" branch="False" />
                <line number="280" hits="0" branch="False" />
              </lines>
            </method>
            <method name="ExtractDataFromResponse" signature="(System.Byte[],System.Int32,System.Int32)" line-rate="0" branch-rate="1" complexity="1">
              <lines>
                <line number="286" hits="0" branch="False" />
                <line number="287" hits="0" branch="False" />
                <line number="288" hits="0" branch="False" />
              </lines>
            </method>
            <method name="GetDeviceInfo" signature="(System.String)" line-rate="0" branch-rate="0" complexity="2">
              <lines>
                <line number="293" hits="0" branch="False" />
                <line number="295" hits="0" branch="True" condition-coverage="0% (0/2)">
                  <conditions>
                    <condition number="24" type="jump" coverage="0%" />
                  </conditions>
                </line>
                <line number="297" hits="0" branch="False" />
                <line number="298" hits="0" branch="False" />
                <line number="302" hits="0" branch="False" />
                <line number="303" hits="0" branch="False" />
                <line number="304" hits="0" branch="False" />
              </lines>
            </method>
            <method name="IsDeviceSupported" signature="(System.String)" line-rate="1" branch-rate="1" complexity="1">
              <lines>
                <line number="314" hits="40" branch="False" />
                <line number="315" hits="40" branch="False" />
              </lines>
            </method>
            <method name="ValidateDeviceAccess" signature="(PLCUnifiedSimulator.Core.PLCAddress)" line-rate="0" branch-rate="0" complexity="8">
              <lines>
                <line number="326" hits="0" branch="True" condition-coverage="0% (0/2)">
                  <conditions>
                    <condition number="11" type="jump" coverage="0%" />
                  </conditions>
                </line>
                <line number="328" hits="0" branch="False" />
                <line number="331" hits="0" branch="True" condition-coverage="0% (0/2)">
                  <conditions>
                    <condition number="41" type="jump" coverage="0%" />
                  </conditions>
                </line>
                <line number="333" hits="0" branch="False" />
                <line number="334" hits="0" branch="False" />
                <line number="335" hits="0" branch="False" />
                <line number="338" hits="0" branch="True" condition-coverage="0% (0/2)">
                  <conditions>
                    <condition number="188" type="jump" coverage="0%" />
                  </conditions>
                </line>
                <line number="340" hits="0" branch="False" />
                <line number="343" hits="0" branch="True" condition-coverage="0% (0/2)">
                  <conditions>
                    <condition number="213" type="jump" coverage="0%" />
                  </conditions>
                </line>
                <line number="345" hits="0" branch="False" />
                <line number="347" hits="0" branch="False" />
              </lines>
            </method>
            <method name="IsWordDevice" signature="(System.String)" line-rate="1" branch-rate="0.5" complexity="2">
              <lines>
                <line number="354" hits="304" branch="False" />
                <line number="355" hits="304" branch="True" condition-coverage="50% (1/2)">
                  <conditions>
                    <condition number="24" type="jump" coverage="50%" />
                  </conditions>
                </line>
                <line number="356" hits="304" branch="False" />
                <line number="357" hits="304" branch="False" />
              </lines>
            </method>
            <method name="GetSupportedDevices" signature="()" line-rate="1" branch-rate="1" complexity="1">
              <lines>
                <line number="365" hits="13" branch="False" />
              </lines>
            </method>
            <method name=".ctor" signature="(PLCUnifiedSimulator.Protocols.Mitsubishi.MitsubishiPLCSeries)" line-rate="1" branch-rate="1" complexity="1">
              <lines>
                <line number="14" hits="113" branch="False" />
                <line number="21" hits="113" branch="False" />
                <line number="23" hits="113" branch="False" />
                <line number="24" hits="113" branch="False" />
                <line number="25" hits="113" branch="False" />
              </lines>
            </method>
          </methods>
          <lines>
            <line number="17" hits="12" branch="False" />
            <line number="18" hits="39" branch="False" />
            <line number="19" hits="13" branch="False" />
            <line number="143" hits="0" branch="True" condition-coverage="0% (0/2)">
              <conditions>
                <condition number="11" type="jump" coverage="0%" />
              </conditions>
            </line>
            <line number="145" hits="0" branch="False" />
            <line number="149" hits="0" branch="False" />
            <line number="156" hits="0" branch="False" />
            <line number="159" hits="0" branch="False" />
            <line number="160" hits="0" branch="False" />
            <line number="161" hits="0" branch="False" />
            <line number="162" hits="0" branch="False" />
            <line number="163" hits="0" branch="False" />
            <line number="164" hits="0" branch="False" />
            <line number="167" hits="0" branch="False" />
            <line number="170" hits="0" branch="False" />
            <line number="173" hits="0" branch="False" />
            <line number="174" hits="0" branch="False" />
            <line number="175" hits="0" branch="False" />
            <line number="176" hits="0" branch="False" />
            <line number="177" hits="0" branch="False" />
            <line number="179" hits="0" branch="False" />
            <line number="185" hits="0" branch="False" />
            <line number="187" hits="0" branch="False" />
            <line number="188" hits="0" branch="False" />
            <line number="189" hits="0" branch="False" />
            <line number="190" hits="0" branch="False" />
            <line number="191" hits="0" branch="False" />
            <line number="193" hits="0" branch="False" />
            <line number="194" hits="0" branch="False" />
            <line number="195" hits="0" branch="False" />
            <line number="196" hits="0" branch="False" />
            <line number="197" hits="0" branch="False" />
            <line number="198" hits="0" branch="False" />
            <line number="199" hits="0" branch="False" />
            <line number="200" hits="0" branch="False" />
            <line number="202" hits="0" branch="False" />
            <line number="207" hits="0" branch="True" condition-coverage="0% (0/2)">
              <conditions>
                <condition number="11" type="jump" coverage="0%" />
              </conditions>
            </line>
            <line number="209" hits="0" branch="False" />
            <line number="213" hits="0" branch="False" />
            <line number="220" hits="0" branch="False" />
            <line number="223" hits="0" branch="False" />
            <line number="224" hits="0" branch="False" />
            <line number="225" hits="0" branch="False" />
            <line number="226" hits="0" branch="False" />
            <line number="227" hits="0" branch="False" />
            <line number="228" hits="0" branch="False" />
            <line number="231" hits="0" branch="False" />
            <line number="234" hits="0" branch="False" />
            <line number="237" hits="0" branch="False" />
            <line number="238" hits="0" branch="False" />
            <line number="239" hits="0" branch="False" />
            <line number="240" hits="0" branch="False" />
            <line number="241" hits="0" branch="False" />
            <line number="244" hits="0" branch="False" />
            <line number="246" hits="0" branch="False" />
            <line number="252" hits="0" branch="False" />
            <line number="254" hits="0" branch="False" />
            <line number="255" hits="0" branch="False" />
            <line number="256" hits="0" branch="False" />
            <line number="257" hits="0" branch="False" />
            <line number="258" hits="0" branch="False" />
            <line number="259" hits="0" branch="False" />
            <line number="260" hits="0" branch="False" />
            <line number="262" hits="0" branch="False" />
            <line number="263" hits="0" branch="False" />
            <line number="264" hits="0" branch="False" />
            <line number="265" hits="0" branch="False" />
            <line number="266" hits="0" branch="False" />
            <line number="267" hits="0" branch="False" />
            <line number="268" hits="0" branch="False" />
            <line number="269" hits="0" branch="False" />
            <line number="271" hits="0" branch="False" />
            <line number="276" hits="0" branch="True" condition-coverage="0% (0/2)">
              <conditions>
                <condition number="3" type="jump" coverage="0%" />
              </conditions>
            </line>
            <line number="279" hits="0" branch="False" />
            <line number="280" hits="0" branch="False" />
            <line number="286" hits="0" branch="False" />
            <line number="287" hits="0" branch="False" />
            <line number="288" hits="0" branch="False" />
            <line number="293" hits="0" branch="False" />
            <line number="295" hits="0" branch="True" condition-coverage="0% (0/2)">
              <conditions>
                <condition number="24" type="jump" coverage="0%" />
              </conditions>
            </line>
            <line number="297" hits="0" branch="False" />
            <line number="298" hits="0" branch="False" />
            <line number="302" hits="0" branch="False" />
            <line number="303" hits="0" branch="False" />
            <line number="304" hits="0" branch="False" />
            <line number="314" hits="40" branch="False" />
            <line number="315" hits="40" branch="False" />
            <line number="326" hits="0" branch="True" condition-coverage="0% (0/2)">
              <conditions>
                <condition number="11" type="jump" coverage="0%" />
              </conditions>
            </line>
            <line number="328" hits="0" branch="False" />
            <line number="331" hits="0" branch="True" condition-coverage="0% (0/2)">
              <conditions>
                <condition number="41" type="jump" coverage="0%" />
              </conditions>
            </line>
            <line number="333" hits="0" branch="False" />
            <line number="334" hits="0" branch="False" />
            <line number="335" hits="0" branch="False" />
            <line number="338" hits="0" branch="True" condition-coverage="0% (0/2)">
              <conditions>
                <condition number="188" type="jump" coverage="0%" />
              </conditions>
            </line>
            <line number="340" hits="0" branch="False" />
            <line number="343" hits="0" branch="True" condition-coverage="0% (0/2)">
              <conditions>
                <condition number="213" type="jump" coverage="0%" />
              </conditions>
            </line>
            <line number="345" hits="0" branch="False" />
            <line number="347" hits="0" branch="False" />
            <line number="354" hits="304" branch="False" />
            <line number="355" hits="304" branch="True" condition-coverage="50% (1/2)">
              <conditions>
                <condition number="24" type="jump" coverage="50%" />
              </conditions>
            </line>
            <line number="356" hits="304" branch="False" />
            <line number="357" hits="304" branch="False" />
            <line number="365" hits="13" branch="False" />
            <line number="14" hits="113" branch="False" />
            <line number="21" hits="113" branch="False" />
            <line number="23" hits="113" branch="False" />
            <line number="24" hits="113" branch="False" />
            <line number="25" hits="113" branch="False" />
          </lines>
        </class>
        <class name="PLCUnifiedSimulator.Protocols.Mitsubishi.MitsubishiMCProtocol/&lt;ConnectAsync&gt;d__12" filename="PLCUnifiedSimulator.Protocols.Mitsubishi\MitsubishiMCProtocol.cs" line-rate="0" branch-rate="1" complexity="1">
          <methods>
            <method name="MoveNext" signature="()" line-rate="0" branch-rate="1" complexity="1">
              <lines>
                <line number="31" hits="0" branch="False" />
                <line number="32" hits="0" branch="False" />
                <line number="33" hits="0" branch="False" />
                <line number="34" hits="0" branch="False" />
                <line number="35" hits="0" branch="False" />
                <line number="39" hits="0" branch="False" />
                <line number="40" hits="0" branch="False" />
                <line number="42" hits="0" branch="False" />
              </lines>
            </method>
          </methods>
          <lines>
            <line number="31" hits="0" branch="False" />
            <line number="32" hits="0" branch="False" />
            <line number="33" hits="0" branch="False" />
            <line number="34" hits="0" branch="False" />
            <line number="35" hits="0" branch="False" />
            <line number="39" hits="0" branch="False" />
            <line number="40" hits="0" branch="False" />
            <line number="42" hits="0" branch="False" />
          </lines>
        </class>
        <class name="PLCUnifiedSimulator.Protocols.Mitsubishi.MitsubishiMCProtocol/&lt;ConnectUdpAsync&gt;d__13" filename="PLCUnifiedSimulator.Protocols.Mitsubishi\MitsubishiMCProtocol.cs" line-rate="1" branch-rate="1" complexity="1">
          <methods>
            <method name="MoveNext" signature="()" line-rate="1" branch-rate="1" complexity="1">
              <lines>
                <line number="47" hits="1" branch="False" />
                <line number="48" hits="1" branch="False" />
                <line number="49" hits="1" branch="False" />
                <line number="50" hits="1" branch="False" />
              </lines>
            </method>
          </methods>
          <lines>
            <line number="47" hits="1" branch="False" />
            <line number="48" hits="1" branch="False" />
            <line number="49" hits="1" branch="False" />
            <line number="50" hits="1" branch="False" />
          </lines>
        </class>
        <class name="PLCUnifiedSimulator.Protocols.Mitsubishi.MitsubishiMCProtocol/&lt;DisconnectAsync&gt;d__14" filename="PLCUnifiedSimulator.Protocols.Mitsubishi\MitsubishiMCProtocol.cs" line-rate="1" branch-rate="0.5" complexity="8">
          <methods>
            <method name="MoveNext" signature="()" line-rate="1" branch-rate="0.5" complexity="8">
              <lines>
                <line number="54" hits="1" branch="False" />
                <line number="56" hits="1" branch="True" condition-coverage="50% (1/2)">
                  <conditions>
                    <condition number="44" type="jump" coverage="50%" />
                  </conditions>
                </line>
                <line number="57" hits="1" branch="True" condition-coverage="50% (1/2)">
                  <conditions>
                    <condition number="61" type="jump" coverage="50%" />
                  </conditions>
                </line>
                <line number="58" hits="1" branch="True" condition-coverage="50% (1/2)">
                  <conditions>
                    <condition number="78" type="jump" coverage="50%" />
                  </conditions>
                </line>
                <line number="59" hits="1" branch="True" condition-coverage="50% (1/2)">
                  <conditions>
                    <condition number="95" type="jump" coverage="50%" />
                  </conditions>
                </line>
                <line number="60" hits="1" branch="False" />
                <line number="61" hits="1" branch="False" />
                <line number="62" hits="1" branch="False" />
                <line number="63" hits="1" branch="False" />
                <line number="64" hits="1" branch="False" />
                <line number="65" hits="1" branch="False" />
              </lines>
            </method>
          </methods>
          <lines>
            <line number="54" hits="1" branch="False" />
            <line number="56" hits="1" branch="True" condition-coverage="50% (1/2)">
              <conditions>
                <condition number="44" type="jump" coverage="50%" />
              </conditions>
            </line>
            <line number="57" hits="1" branch="True" condition-coverage="50% (1/2)">
              <conditions>
                <condition number="61" type="jump" coverage="50%" />
              </conditions>
            </line>
            <line number="58" hits="1" branch="True" condition-coverage="50% (1/2)">
              <conditions>
                <condition number="78" type="jump" coverage="50%" />
              </conditions>
            </line>
            <line number="59" hits="1" branch="True" condition-coverage="50% (1/2)">
              <conditions>
                <condition number="95" type="jump" coverage="50%" />
              </conditions>
            </line>
            <line number="60" hits="1" branch="False" />
            <line number="61" hits="1" branch="False" />
            <line number="62" hits="1" branch="False" />
            <line number="63" hits="1" branch="False" />
            <line number="64" hits="1" branch="False" />
            <line number="65" hits="1" branch="False" />
          </lines>
        </class>
        <class name="PLCUnifiedSimulator.Protocols.Mitsubishi.MitsubishiMCProtocol/&lt;ReadAsync&gt;d__15" filename="PLCUnifiedSimulator.Protocols.Mitsubishi\MitsubishiMCProtocol.cs" line-rate="0.1666" branch-rate="0.3333" complexity="6">
          <methods>
            <method name="MoveNext" signature="()" line-rate="0.1666" branch-rate="0.3333" complexity="6">
              <lines>
                <line number="69" hits="6" branch="True" condition-coverage="50% (2/4)">
                  <conditions>
                    <condition number="24" type="jump" coverage="50%" />
                    <condition number="32" type="jump" coverage="50%" />
                  </conditions>
                </line>
                <line number="70" hits="6" branch="False" />
                <line number="75" hits="0" branch="False" />
                <line number="77" hits="0" branch="False" />
                <line number="78" hits="0" branch="False" />
                <line number="80" hits="0" branch="False" />
                <line number="81" hits="0" branch="False" />
                <line number="83" hits="0" branch="True" condition-coverage="0% (0/2)">
                  <conditions>
                    <condition number="344" type="jump" coverage="0%" />
                  </conditions>
                </line>
                <line number="85" hits="0" branch="False" />
                <line number="86" hits="0" branch="False" />
                <line number="89" hits="0" branch="False" />
                <line number="91" hits="0" branch="False" />
                <line number="94" hits="0" branch="False" />
                <line number="96" hits="0" branch="False" />
                <line number="99" hits="0" branch="False" />
                <line number="101" hits="0" branch="False" />
                <line number="103" hits="0" branch="False" />
                <line number="105" hits="6" branch="False" />
              </lines>
            </method>
          </methods>
          <lines>
            <line number="69" hits="6" branch="True" condition-coverage="50% (2/4)">
              <conditions>
                <condition number="24" type="jump" coverage="50%" />
                <condition number="32" type="jump" coverage="50%" />
              </conditions>
            </line>
            <line number="70" hits="6" branch="False" />
            <line number="75" hits="0" branch="False" />
            <line number="77" hits="0" branch="False" />
            <line number="78" hits="0" branch="False" />
            <line number="80" hits="0" branch="False" />
            <line number="81" hits="0" branch="False" />
            <line number="83" hits="0" branch="True" condition-coverage="0% (0/2)">
              <conditions>
                <condition number="344" type="jump" coverage="0%" />
              </conditions>
            </line>
            <line number="85" hits="0" branch="False" />
            <line number="86" hits="0" branch="False" />
            <line number="89" hits="0" branch="False" />
            <line number="91" hits="0" branch="False" />
            <line number="94" hits="0" branch="False" />
            <line number="96" hits="0" branch="False" />
            <line number="99" hits="0" branch="False" />
            <line number="101" hits="0" branch="False" />
            <line number="103" hits="0" branch="False" />
            <line number="105" hits="6" branch="False" />
          </lines>
        </class>
        <class name="PLCUnifiedSimulator.Protocols.Mitsubishi.MitsubishiMCProtocol/&lt;WriteAsync&gt;d__16" filename="PLCUnifiedSimulator.Protocols.Mitsubishi\MitsubishiMCProtocol.cs" line-rate="0.2" branch-rate="0.5" complexity="4">
          <methods>
            <method name="MoveNext" signature="()" line-rate="0.2" branch-rate="0.5" complexity="4">
              <lines>
                <line number="109" hits="3" branch="True" condition-coverage="50% (2/4)">
                  <conditions>
                    <condition number="24" type="jump" coverage="50%" />
                    <condition number="32" type="jump" coverage="50%" />
                  </conditions>
                </line>
                <line number="110" hits="3" branch="False" />
                <line number="115" hits="0" branch="False" />
                <line number="117" hits="0" branch="False" />
                <line number="118" hits="0" branch="False" />
                <line number="120" hits="0" branch="False" />
                <line number="121" hits="0" branch="False" />
                <line number="123" hits="0" branch="False" />
                <line number="125" hits="0" branch="False" />
                <line number="128" hits="0" branch="False" />
                <line number="130" hits="0" branch="False" />
                <line number="133" hits="0" branch="False" />
                <line number="135" hits="0" branch="False" />
                <line number="137" hits="0" branch="False" />
                <line number="139" hits="3" branch="False" />
              </lines>
            </method>
          </methods>
          <lines>
            <line number="109" hits="3" branch="True" condition-coverage="50% (2/4)">
              <conditions>
                <condition number="24" type="jump" coverage="50%" />
                <condition number="32" type="jump" coverage="50%" />
              </conditions>
            </line>
            <line number="110" hits="3" branch="False" />
            <line number="115" hits="0" branch="False" />
            <line number="117" hits="0" branch="False" />
            <line number="118" hits="0" branch="False" />
            <line number="120" hits="0" branch="False" />
            <line number="121" hits="0" branch="False" />
            <line number="123" hits="0" branch="False" />
            <line number="125" hits="0" branch="False" />
            <line number="128" hits="0" branch="False" />
            <line number="130" hits="0" branch="False" />
            <line number="133" hits="0" branch="False" />
            <line number="135" hits="0" branch="False" />
            <line number="137" hits="0" branch="False" />
            <line number="139" hits="3" branch="False" />
          </lines>
        </class>
        <class name="PLCUnifiedSimulator.Protocols.Mitsubishi.MitsubishiPLCSeriesInfo" filename="PLCUnifiedSimulator.Protocols.Mitsubishi\MitsubishiPLCSeries.cs" line-rate="1" branch-rate="1" complexity="27">
          <methods>
            <method name="get_Series" signature="()" line-rate="1" branch-rate="1" complexity="1">
              <lines>
                <line number="88" hits="236" branch="False" />
              </lines>
            </method>
            <method name="get_DefaultPort" signature="()" line-rate="1" branch-rate="1" complexity="1">
              <lines>
                <line number="89" hits="286" branch="False" />
              </lines>
            </method>
            <method name="get_IsBinaryProtocol" signature="()" line-rate="1" branch-rate="1" complexity="1">
              <lines>
                <line number="90" hits="236" branch="False" />
              </lines>
            </method>
            <method name="get_NetworkNumber" signature="()" line-rate="1" branch-rate="1" complexity="1">
              <lines>
                <line number="91" hits="224" branch="False" />
              </lines>
            </method>
            <method name="get_StationNumber" signature="()" line-rate="1" branch-rate="1" complexity="1">
              <lines>
                <line number="92" hits="224" branch="False" />
              </lines>
            </method>
            <method name="get_ModuleIONumber" signature="()" line-rate="1" branch-rate="1" complexity="1">
              <lines>
                <line number="93" hits="224" branch="False" />
              </lines>
            </method>
            <method name="get_MultiDropStationNumber" signature="()" line-rate="1" branch-rate="1" complexity="1">
              <lines>
                <line number="94" hits="224" branch="False" />
              </lines>
            </method>
            <method name="get_SupportedDevices" signature="()" line-rate="1" branch-rate="1" complexity="1">
              <lines>
                <line number="95" hits="1148" branch="False" />
              </lines>
            </method>
            <method name="get_Description" signature="()" line-rate="1" branch-rate="1" complexity="1">
              <lines>
                <line number="96" hits="524" branch="False" />
              </lines>
            </method>
            <method name="GetSeriesInfo" signature="(PLCUnifiedSimulator.Protocols.Mitsubishi.MitsubishiPLCSeries)" line-rate="1" branch-rate="1" complexity="13">
              <lines>
                <line number="100" hits="225" branch="True" condition-coverage="100% (13/13)">
                  <conditions>
                    <condition number="1" type="switch" coverage="100%" />
                  </conditions>
                </line>
                <line number="101" hits="225" branch="False" />
                <line number="102" hits="225" branch="False" />
                <line number="103" hits="78" branch="False" />
                <line number="104" hits="78" branch="False" />
                <line number="105" hits="78" branch="False" />
                <line number="106" hits="78" branch="False" />
                <line number="107" hits="78" branch="False" />
                <line number="108" hits="78" branch="False" />
                <line number="109" hits="78" branch="False" />
                <line number="110" hits="78" branch="False" />
                <line number="111" hits="78" branch="False" />
                <line number="112" hits="78" branch="False" />
                <line number="113" hits="78" branch="False" />
                <line number="114" hits="78" branch="False" />
                <line number="115" hits="12" branch="False" />
                <line number="116" hits="12" branch="False" />
                <line number="117" hits="12" branch="False" />
                <line number="118" hits="12" branch="False" />
                <line number="119" hits="12" branch="False" />
                <line number="120" hits="12" branch="False" />
                <line number="121" hits="12" branch="False" />
                <line number="122" hits="12" branch="False" />
                <line number="123" hits="12" branch="False" />
                <line number="124" hits="12" branch="False" />
                <line number="125" hits="12" branch="False" />
                <line number="126" hits="12" branch="False" />
                <line number="127" hits="12" branch="False" />
                <line number="128" hits="12" branch="False" />
                <line number="129" hits="12" branch="False" />
                <line number="130" hits="12" branch="False" />
                <line number="131" hits="12" branch="False" />
                <line number="132" hits="12" branch="False" />
                <line number="133" hits="12" branch="False" />
                <line number="134" hits="12" branch="False" />
                <line number="135" hits="12" branch="False" />
                <line number="136" hits="12" branch="False" />
                <line number="137" hits="12" branch="False" />
                <line number="138" hits="12" branch="False" />
                <line number="139" hits="225" branch="False" />
                <line number="140" hits="225" branch="False" />
                <line number="141" hits="12" branch="False" />
                <line number="142" hits="12" branch="False" />
                <line number="143" hits="12" branch="False" />
                <line number="144" hits="12" branch="False" />
                <line number="145" hits="12" branch="False" />
                <line number="146" hits="12" branch="False" />
                <line number="147" hits="12" branch="False" />
                <line number="148" hits="12" branch="False" />
                <line number="149" hits="12" branch="False" />
                <line number="150" hits="12" branch="False" />
                <line number="151" hits="12" branch="False" />
                <line number="152" hits="12" branch="False" />
                <line number="153" hits="12" branch="False" />
                <line number="154" hits="12" branch="False" />
                <line number="155" hits="12" branch="False" />
                <line number="156" hits="12" branch="False" />
                <line number="157" hits="12" branch="False" />
                <line number="158" hits="12" branch="False" />
                <line number="159" hits="12" branch="False" />
                <line number="160" hits="12" branch="False" />
                <line number="161" hits="12" branch="False" />
                <line number="162" hits="12" branch="False" />
                <line number="163" hits="12" branch="False" />
                <line number="164" hits="12" branch="False" />
                <line number="165" hits="12" branch="False" />
                <line number="166" hits="12" branch="False" />
                <line number="167" hits="12" branch="False" />
                <line number="168" hits="12" branch="False" />
                <line number="169" hits="12" branch="False" />
                <line number="170" hits="12" branch="False" />
                <line number="171" hits="12" branch="False" />
                <line number="172" hits="12" branch="False" />
                <line number="173" hits="12" branch="False" />
                <line number="174" hits="12" branch="False" />
                <line number="175" hits="12" branch="False" />
                <line number="176" hits="12" branch="False" />
                <line number="177" hits="225" branch="False" />
                <line number="178" hits="225" branch="False" />
                <line number="179" hits="22" branch="False" />
                <line number="180" hits="22" branch="False" />
                <line number="181" hits="22" branch="False" />
                <line number="182" hits="22" branch="False" />
                <line number="183" hits="22" branch="False" />
                <line number="184" hits="22" branch="False" />
                <line number="185" hits="22" branch="False" />
                <line number="186" hits="22" branch="False" />
                <line number="187" hits="22" branch="False" />
                <line number="188" hits="22" branch="False" />
                <line number="189" hits="22" branch="False" />
                <line number="190" hits="22" branch="False" />
                <line number="191" hits="12" branch="False" />
                <line number="192" hits="12" branch="False" />
                <line number="193" hits="12" branch="False" />
                <line number="194" hits="12" branch="False" />
                <line number="195" hits="12" branch="False" />
                <line number="196" hits="12" branch="False" />
                <line number="197" hits="12" branch="False" />
                <line number="198" hits="12" branch="False" />
                <line number="199" hits="12" branch="False" />
                <line number="200" hits="12" branch="False" />
                <line number="201" hits="12" branch="False" />
                <line number="202" hits="12" branch="False" />
                <line number="203" hits="225" branch="False" />
                <line number="204" hits="225" branch="False" />
                <line number="205" hits="11" branch="False" />
                <line number="206" hits="11" branch="False" />
                <line number="207" hits="11" branch="False" />
                <line number="208" hits="11" branch="False" />
                <line number="209" hits="11" branch="False" />
                <line number="210" hits="11" branch="False" />
                <line number="211" hits="11" branch="False" />
                <line number="212" hits="11" branch="False" />
                <line number="213" hits="11" branch="False" />
                <line number="214" hits="11" branch="False" />
                <line number="215" hits="11" branch="False" />
                <line number="216" hits="11" branch="False" />
                <line number="217" hits="11" branch="False" />
                <line number="218" hits="11" branch="False" />
                <line number="219" hits="11" branch="False" />
                <line number="220" hits="11" branch="False" />
                <line number="221" hits="11" branch="False" />
                <line number="222" hits="11" branch="False" />
                <line number="223" hits="11" branch="False" />
                <line number="224" hits="11" branch="False" />
                <line number="225" hits="11" branch="False" />
                <line number="226" hits="11" branch="False" />
                <line number="227" hits="11" branch="False" />
                <line number="228" hits="11" branch="False" />
                <line number="229" hits="225" branch="False" />
                <line number="230" hits="225" branch="False" />
                <line number="231" hits="11" branch="False" />
                <line number="232" hits="11" branch="False" />
                <line number="233" hits="11" branch="False" />
                <line number="234" hits="11" branch="False" />
                <line number="235" hits="11" branch="False" />
                <line number="236" hits="11" branch="False" />
                <line number="237" hits="11" branch="False" />
                <line number="238" hits="11" branch="False" />
                <line number="239" hits="11" branch="False" />
                <line number="240" hits="11" branch="False" />
                <line number="241" hits="11" branch="False" />
                <line number="242" hits="11" branch="False" />
                <line number="243" hits="225" branch="False" />
                <line number="244" hits="225" branch="False" />
                <line number="245" hits="19" branch="False" />
                <line number="246" hits="19" branch="False" />
                <line number="247" hits="19" branch="False" />
                <line number="248" hits="19" branch="False" />
                <line number="249" hits="19" branch="False" />
                <line number="250" hits="19" branch="False" />
                <line number="251" hits="19" branch="False" />
                <line number="252" hits="19" branch="False" />
                <line number="253" hits="19" branch="False" />
                <line number="254" hits="19" branch="False" />
                <line number="255" hits="19" branch="False" />
                <line number="256" hits="19" branch="False" />
                <line number="257" hits="225" branch="False" />
                <line number="258" hits="1" branch="False" />
                <line number="259" hits="225" branch="False" />
              </lines>
            </method>
            <method name="GetQLiQRDevices" signature="()" line-rate="1" branch-rate="1" complexity="1">
              <lines>
                <line number="265" hits="138" branch="False" />
                <line number="266" hits="138" branch="False" />
                <line number="267" hits="138" branch="False" />
                <line number="268" hits="138" branch="False" />
                <line number="269" hits="138" branch="False" />
                <line number="270" hits="138" branch="False" />
                <line number="271" hits="138" branch="False" />
                <line number="272" hits="138" branch="False" />
                <line number="273" hits="138" branch="False" />
                <line number="274" hits="138" branch="False" />
                <line number="275" hits="138" branch="False" />
                <line number="276" hits="138" branch="False" />
                <line number="277" hits="138" branch="False" />
                <line number="278" hits="138" branch="False" />
                <line number="279" hits="138" branch="False" />
                <line number="280" hits="138" branch="False" />
                <line number="281" hits="138" branch="False" />
                <line number="282" hits="138" branch="False" />
                <line number="283" hits="138" branch="False" />
                <line number="284" hits="138" branch="False" />
                <line number="285" hits="138" branch="False" />
                <line number="286" hits="138" branch="False" />
                <line number="287" hits="138" branch="False" />
                <line number="288" hits="138" branch="False" />
                <line number="289" hits="138" branch="False" />
                <line number="290" hits="138" branch="False" />
                <line number="291" hits="138" branch="False" />
                <line number="292" hits="138" branch="False" />
                <line number="293" hits="138" branch="False" />
                <line number="294" hits="138" branch="False" />
              </lines>
            </method>
            <method name="GetFX5UDevices" signature="()" line-rate="1" branch-rate="1" complexity="1">
              <lines>
                <line number="300" hits="34" branch="False" />
                <line number="301" hits="34" branch="False" />
                <line number="302" hits="34" branch="False" />
                <line number="303" hits="34" branch="False" />
                <line number="304" hits="34" branch="False" />
                <line number="305" hits="34" branch="False" />
                <line number="306" hits="34" branch="False" />
                <line number="307" hits="34" branch="False" />
                <line number="308" hits="34" branch="False" />
                <line number="309" hits="34" branch="False" />
                <line number="310" hits="34" branch="False" />
                <line number="311" hits="34" branch="False" />
                <line number="312" hits="34" branch="False" />
                <line number="313" hits="34" branch="False" />
                <line number="314" hits="34" branch="False" />
                <line number="315" hits="34" branch="False" />
                <line number="316" hits="34" branch="False" />
                <line number="317" hits="34" branch="False" />
                <line number="318" hits="34" branch="False" />
                <line number="319" hits="34" branch="False" />
                <line number="320" hits="34" branch="False" />
                <line number="321" hits="34" branch="False" />
                <line number="322" hits="34" branch="False" />
                <line number="323" hits="34" branch="False" />
                <line number="324" hits="34" branch="False" />
                <line number="325" hits="34" branch="False" />
                <line number="326" hits="34" branch="False" />
                <line number="327" hits="34" branch="False" />
                <line number="328" hits="34" branch="False" />
              </lines>
            </method>
            <method name="GetQnADevices" signature="()" line-rate="1" branch-rate="1" complexity="1">
              <lines>
                <line number="334" hits="22" branch="False" />
                <line number="335" hits="22" branch="False" />
                <line number="336" hits="22" branch="False" />
                <line number="337" hits="22" branch="False" />
                <line number="338" hits="22" branch="False" />
                <line number="339" hits="22" branch="False" />
                <line number="340" hits="22" branch="False" />
                <line number="341" hits="22" branch="False" />
                <line number="342" hits="22" branch="False" />
                <line number="343" hits="22" branch="False" />
                <line number="344" hits="22" branch="False" />
                <line number="345" hits="22" branch="False" />
                <line number="346" hits="22" branch="False" />
                <line number="347" hits="22" branch="False" />
                <line number="348" hits="22" branch="False" />
                <line number="349" hits="22" branch="False" />
                <line number="350" hits="22" branch="False" />
                <line number="351" hits="22" branch="False" />
                <line number="352" hits="22" branch="False" />
                <line number="353" hits="22" branch="False" />
                <line number="354" hits="22" branch="False" />
                <line number="355" hits="22" branch="False" />
                <line number="356" hits="22" branch="False" />
                <line number="357" hits="22" branch="False" />
                <line number="358" hits="22" branch="False" />
                <line number="359" hits="22" branch="False" />
                <line number="360" hits="22" branch="False" />
                <line number="361" hits="22" branch="False" />
                <line number="362" hits="22" branch="False" />
              </lines>
            </method>
            <method name="GetASeriesDevices" signature="()" line-rate="1" branch-rate="1" complexity="1">
              <lines>
                <line number="368" hits="11" branch="False" />
                <line number="369" hits="11" branch="False" />
                <line number="370" hits="11" branch="False" />
                <line number="371" hits="11" branch="False" />
                <line number="372" hits="11" branch="False" />
                <line number="373" hits="11" branch="False" />
                <line number="374" hits="11" branch="False" />
                <line number="375" hits="11" branch="False" />
                <line number="376" hits="11" branch="False" />
                <line number="377" hits="11" branch="False" />
                <line number="378" hits="11" branch="False" />
                <line number="379" hits="11" branch="False" />
                <line number="380" hits="11" branch="False" />
                <line number="381" hits="11" branch="False" />
                <line number="382" hits="11" branch="False" />
                <line number="383" hits="11" branch="False" />
                <line number="384" hits="11" branch="False" />
                <line number="385" hits="11" branch="False" />
                <line number="386" hits="11" branch="False" />
                <line number="387" hits="11" branch="False" />
                <line number="388" hits="11" branch="False" />
                <line number="389" hits="11" branch="False" />
                <line number="390" hits="11" branch="False" />
                <line number="391" hits="11" branch="False" />
                <line number="392" hits="11" branch="False" />
                <line number="393" hits="11" branch="False" />
                <line number="394" hits="11" branch="False" />
                <line number="395" hits="11" branch="False" />
                <line number="396" hits="11" branch="False" />
              </lines>
            </method>
            <method name="GetFXDevices" signature="()" line-rate="1" branch-rate="1" complexity="1">
              <lines>
                <line number="402" hits="19" branch="False" />
                <line number="403" hits="19" branch="False" />
                <line number="404" hits="19" branch="False" />
                <line number="405" hits="19" branch="False" />
                <line number="406" hits="19" branch="False" />
                <line number="407" hits="19" branch="False" />
                <line number="408" hits="19" branch="False" />
                <line number="409" hits="19" branch="False" />
                <line number="410" hits="19" branch="False" />
                <line number="411" hits="19" branch="False" />
                <line number="412" hits="19" branch="False" />
                <line number="413" hits="19" branch="False" />
                <line number="414" hits="19" branch="False" />
                <line number="415" hits="19" branch="False" />
                <line number="416" hits="19" branch="False" />
                <line number="417" hits="19" branch="False" />
                <line number="418" hits="19" branch="False" />
              </lines>
            </method>
          </methods>
          <lines>
            <line number="88" hits="236" branch="False" />
            <line number="89" hits="286" branch="False" />
            <line number="90" hits="236" branch="False" />
            <line number="91" hits="224" branch="False" />
            <line number="92" hits="224" branch="False" />
            <line number="93" hits="224" branch="False" />
            <line number="94" hits="224" branch="False" />
            <line number="95" hits="1148" branch="False" />
            <line number="96" hits="524" branch="False" />
            <line number="100" hits="225" branch="True" condition-coverage="100% (13/13)">
              <conditions>
                <condition number="1" type="switch" coverage="100%" />
              </conditions>
            </line>
            <line number="101" hits="225" branch="False" />
            <line number="102" hits="225" branch="False" />
            <line number="103" hits="78" branch="False" />
            <line number="104" hits="78" branch="False" />
            <line number="105" hits="78" branch="False" />
            <line number="106" hits="78" branch="False" />
            <line number="107" hits="78" branch="False" />
            <line number="108" hits="78" branch="False" />
            <line number="109" hits="78" branch="False" />
            <line number="110" hits="78" branch="False" />
            <line number="111" hits="78" branch="False" />
            <line number="112" hits="78" branch="False" />
            <line number="113" hits="78" branch="False" />
            <line number="114" hits="78" branch="False" />
            <line number="115" hits="12" branch="False" />
            <line number="116" hits="12" branch="False" />
            <line number="117" hits="12" branch="False" />
            <line number="118" hits="12" branch="False" />
            <line number="119" hits="12" branch="False" />
            <line number="120" hits="12" branch="False" />
            <line number="121" hits="12" branch="False" />
            <line number="122" hits="12" branch="False" />
            <line number="123" hits="12" branch="False" />
            <line number="124" hits="12" branch="False" />
            <line number="125" hits="12" branch="False" />
            <line number="126" hits="12" branch="False" />
            <line number="127" hits="12" branch="False" />
            <line number="128" hits="12" branch="False" />
            <line number="129" hits="12" branch="False" />
            <line number="130" hits="12" branch="False" />
            <line number="131" hits="12" branch="False" />
            <line number="132" hits="12" branch="False" />
            <line number="133" hits="12" branch="False" />
            <line number="134" hits="12" branch="False" />
            <line number="135" hits="12" branch="False" />
            <line number="136" hits="12" branch="False" />
            <line number="137" hits="12" branch="False" />
            <line number="138" hits="12" branch="False" />
            <line number="139" hits="225" branch="False" />
            <line number="140" hits="225" branch="False" />
            <line number="141" hits="12" branch="False" />
            <line number="142" hits="12" branch="False" />
            <line number="143" hits="12" branch="False" />
            <line number="144" hits="12" branch="False" />
            <line number="145" hits="12" branch="False" />
            <line number="146" hits="12" branch="False" />
            <line number="147" hits="12" branch="False" />
            <line number="148" hits="12" branch="False" />
            <line number="149" hits="12" branch="False" />
            <line number="150" hits="12" branch="False" />
            <line number="151" hits="12" branch="False" />
            <line number="152" hits="12" branch="False" />
            <line number="153" hits="12" branch="False" />
            <line number="154" hits="12" branch="False" />
            <line number="155" hits="12" branch="False" />
            <line number="156" hits="12" branch="False" />
            <line number="157" hits="12" branch="False" />
            <line number="158" hits="12" branch="False" />
            <line number="159" hits="12" branch="False" />
            <line number="160" hits="12" branch="False" />
            <line number="161" hits="12" branch="False" />
            <line number="162" hits="12" branch="False" />
            <line number="163" hits="12" branch="False" />
            <line number="164" hits="12" branch="False" />
            <line number="165" hits="12" branch="False" />
            <line number="166" hits="12" branch="False" />
            <line number="167" hits="12" branch="False" />
            <line number="168" hits="12" branch="False" />
            <line number="169" hits="12" branch="False" />
            <line number="170" hits="12" branch="False" />
            <line number="171" hits="12" branch="False" />
            <line number="172" hits="12" branch="False" />
            <line number="173" hits="12" branch="False" />
            <line number="174" hits="12" branch="False" />
            <line number="175" hits="12" branch="False" />
            <line number="176" hits="12" branch="False" />
            <line number="177" hits="225" branch="False" />
            <line number="178" hits="225" branch="False" />
            <line number="179" hits="22" branch="False" />
            <line number="180" hits="22" branch="False" />
            <line number="181" hits="22" branch="False" />
            <line number="182" hits="22" branch="False" />
            <line number="183" hits="22" branch="False" />
            <line number="184" hits="22" branch="False" />
            <line number="185" hits="22" branch="False" />
            <line number="186" hits="22" branch="False" />
            <line number="187" hits="22" branch="False" />
            <line number="188" hits="22" branch="False" />
            <line number="189" hits="22" branch="False" />
            <line number="190" hits="22" branch="False" />
            <line number="191" hits="12" branch="False" />
            <line number="192" hits="12" branch="False" />
            <line number="193" hits="12" branch="False" />
            <line number="194" hits="12" branch="False" />
            <line number="195" hits="12" branch="False" />
            <line number="196" hits="12" branch="False" />
            <line number="197" hits="12" branch="False" />
            <line number="198" hits="12" branch="False" />
            <line number="199" hits="12" branch="False" />
            <line number="200" hits="12" branch="False" />
            <line number="201" hits="12" branch="False" />
            <line number="202" hits="12" branch="False" />
            <line number="203" hits="225" branch="False" />
            <line number="204" hits="225" branch="False" />
            <line number="205" hits="11" branch="False" />
            <line number="206" hits="11" branch="False" />
            <line number="207" hits="11" branch="False" />
            <line number="208" hits="11" branch="False" />
            <line number="209" hits="11" branch="False" />
            <line number="210" hits="11" branch="False" />
            <line number="211" hits="11" branch="False" />
            <line number="212" hits="11" branch="False" />
            <line number="213" hits="11" branch="False" />
            <line number="214" hits="11" branch="False" />
            <line number="215" hits="11" branch="False" />
            <line number="216" hits="11" branch="False" />
            <line number="217" hits="11" branch="False" />
            <line number="218" hits="11" branch="False" />
            <line number="219" hits="11" branch="False" />
            <line number="220" hits="11" branch="False" />
            <line number="221" hits="11" branch="False" />
            <line number="222" hits="11" branch="False" />
            <line number="223" hits="11" branch="False" />
            <line number="224" hits="11" branch="False" />
            <line number="225" hits="11" branch="False" />
            <line number="226" hits="11" branch="False" />
            <line number="227" hits="11" branch="False" />
            <line number="228" hits="11" branch="False" />
            <line number="229" hits="225" branch="False" />
            <line number="230" hits="225" branch="False" />
            <line number="231" hits="11" branch="False" />
            <line number="232" hits="11" branch="False" />
            <line number="233" hits="11" branch="False" />
            <line number="234" hits="11" branch="False" />
            <line number="235" hits="11" branch="False" />
            <line number="236" hits="11" branch="False" />
            <line number="237" hits="11" branch="False" />
            <line number="238" hits="11" branch="False" />
            <line number="239" hits="11" branch="False" />
            <line number="240" hits="11" branch="False" />
            <line number="241" hits="11" branch="False" />
            <line number="242" hits="11" branch="False" />
            <line number="243" hits="225" branch="False" />
            <line number="244" hits="225" branch="False" />
            <line number="245" hits="19" branch="False" />
            <line number="246" hits="19" branch="False" />
            <line number="247" hits="19" branch="False" />
            <line number="248" hits="19" branch="False" />
            <line number="249" hits="19" branch="False" />
            <line number="250" hits="19" branch="False" />
            <line number="251" hits="19" branch="False" />
            <line number="252" hits="19" branch="False" />
            <line number="253" hits="19" branch="False" />
            <line number="254" hits="19" branch="False" />
            <line number="255" hits="19" branch="False" />
            <line number="256" hits="19" branch="False" />
            <line number="257" hits="225" branch="False" />
            <line number="258" hits="1" branch="False" />
            <line number="259" hits="225" branch="False" />
            <line number="265" hits="138" branch="False" />
            <line number="266" hits="138" branch="False" />
            <line number="267" hits="138" branch="False" />
            <line number="268" hits="138" branch="False" />
            <line number="269" hits="138" branch="False" />
            <line number="270" hits="138" branch="False" />
            <line number="271" hits="138" branch="False" />
            <line number="272" hits="138" branch="False" />
            <line number="273" hits="138" branch="False" />
            <line number="274" hits="138" branch="False" />
            <line number="275" hits="138" branch="False" />
            <line number="276" hits="138" branch="False" />
            <line number="277" hits="138" branch="False" />
            <line number="278" hits="138" branch="False" />
            <line number="279" hits="138" branch="False" />
            <line number="280" hits="138" branch="False" />
            <line number="281" hits="138" branch="False" />
            <line number="282" hits="138" branch="False" />
            <line number="283" hits="138" branch="False" />
            <line number="284" hits="138" branch="False" />
            <line number="285" hits="138" branch="False" />
            <line number="286" hits="138" branch="False" />
            <line number="287" hits="138" branch="False" />
            <line number="288" hits="138" branch="False" />
            <line number="289" hits="138" branch="False" />
            <line number="290" hits="138" branch="False" />
            <line number="291" hits="138" branch="False" />
            <line number="292" hits="138" branch="False" />
            <line number="293" hits="138" branch="False" />
            <line number="294" hits="138" branch="False" />
            <line number="300" hits="34" branch="False" />
            <line number="301" hits="34" branch="False" />
            <line number="302" hits="34" branch="False" />
            <line number="303" hits="34" branch="False" />
            <line number="304" hits="34" branch="False" />
            <line number="305" hits="34" branch="False" />
[...]
            </line>
            <line number="200" hits="19" branch="False" />
            <line number="202" hits="19" branch="False" />
            <line number="206" hits="19" branch="False" />
            <line number="207" hits="19" branch="False" />
            <line number="208" hits="19" branch="False" />
            <line number="13" hits="48" branch="False" />
            <line number="20" hits="48" branch="False" />
          </lines>
        </class>
        <class name="PLCUnifiedSimulator.Simulators.PLCSimulatorBase/&lt;&lt;StartAsync&gt;b__13_0&gt;d" filename="PLCUnifiedSimulator.Simulators\PLCSimulatorBase.cs" line-rate="1" branch-rate="1" complexity="1">
          <methods>
            <method name="MoveNext" signature="()" line-rate="1" branch-rate="1" complexity="1">
              <lines>
                <line number="40" hits="10" branch="False" />
              </lines>
            </method>
          </methods>
          <lines>
            <line number="40" hits="10" branch="False" />
          </lines>
        </class>
        <class name="PLCUnifiedSimulator.Simulators.PLCSimulatorBase/&lt;&lt;StartUdpAsync&gt;b__14_0&gt;d" filename="PLCUnifiedSimulator.Simulators\PLCSimulatorBase.cs" line-rate="1" branch-rate="1" complexity="1">
          <methods>
            <method name="MoveNext" signature="()" line-rate="1" branch-rate="1" complexity="1">
              <lines>
                <line number="64" hits="28" branch="False" />
              </lines>
            </method>
          </methods>
          <lines>
            <line number="64" hits="28" branch="False" />
          </lines>
        </class>
        <class name="PLCUnifiedSimulator.Simulators.PLCSimulatorBase/&lt;&gt;c__DisplayClass20_1/&lt;&lt;AcceptClientsAsync&gt;b__0&gt;d" filename="PLCUnifiedSimulator.Simulators\PLCSimulatorBase.cs" line-rate="0.625" branch-rate="0.5" complexity="4">
          <methods>
            <method name="MoveNext" signature="()" line-rate="0.625" branch-rate="0.5" complexity="4">
              <lines>
                <line number="125" hits="1" branch="False" />
                <line number="126" hits="1" branch="False" />
                <line number="127" hits="0" branch="False" />
                <line number="129" hits="0" branch="False" />
                <line number="130" hits="0" branch="False" />
                <line number="133" hits="1" branch="True" condition-coverage="50% (1/2)">
                  <conditions>
                    <condition number="177" type="jump" coverage="50%" />
                  </conditions>
                </line>
                <line number="134" hits="1" branch="True" condition-coverage="50% (1/2)">
                  <conditions>
                    <condition number="218" type="jump" coverage="50%" />
                  </conditions>
                </line>
                <line number="136" hits="1" branch="False" />
              </lines>
            </method>
          </methods>
          <lines>
            <line number="125" hits="1" branch="False" />
            <line number="126" hits="1" branch="False" />
            <line number="127" hits="0" branch="False" />
            <line number="129" hits="0" branch="False" />
            <line number="130" hits="0" branch="False" />
            <line number="133" hits="1" branch="True" condition-coverage="50% (1/2)">
              <conditions>
                <condition number="177" type="jump" coverage="50%" />
              </conditions>
            </line>
            <line number="134" hits="1" branch="True" condition-coverage="50% (1/2)">
              <conditions>
                <condition number="218" type="jump" coverage="50%" />
              </conditions>
            </line>
            <line number="136" hits="1" branch="False" />
          </lines>
        </class>
        <class name="PLCUnifiedSimulator.Simulators.PLCSimulatorBase/&lt;&gt;c__DisplayClass21_1/&lt;&lt;AcceptUdpClientsAsync&gt;b__0&gt;d" filename="PLCUnifiedSimulator.Simulators\PLCSimulatorBase.cs" line-rate="0.5" branch-rate="1" complexity="1">
          <methods>
            <method name="MoveNext" signature="()" line-rate="0.5" branch-rate="1" complexity="1">
              <lines>
                <line number="164" hits="12" branch="False" />
                <line number="165" hits="12" branch="False" />
                <line number="166" hits="0" branch="False" />
                <line number="168" hits="0" branch="False" />
                <line number="169" hits="0" branch="False" />
                <line number="170" hits="24" branch="False" />
              </lines>
            </method>
          </methods>
          <lines>
            <line number="164" hits="12" branch="False" />
            <line number="165" hits="12" branch="False" />
            <line number="166" hits="0" branch="False" />
            <line number="168" hits="0" branch="False" />
            <line number="169" hits="0" branch="False" />
            <line number="170" hits="24" branch="False" />
          </lines>
        </class>
        <class name="PLCUnifiedSimulator.Simulators.PLCSimulatorBase/&lt;AcceptClientsAsync&gt;d__20" filename="PLCUnifiedSimulator.Simulators\PLCSimulatorBase.cs" line-rate="0.8946999999999999" branch-rate="1" complexity="4">
          <methods>
            <method name="MoveNext" signature="()" line-rate="0.8946999999999999" branch-rate="1" complexity="4">
              <lines>
                <line number="115" hits="6" branch="True" condition-coverage="100% (4/4)">
                  <conditions>
                    <condition number="352" type="jump" coverage="100%" />
                    <condition number="344" type="jump" coverage="100%" />
                  </conditions>
                </line>
                <line number="117" hits="5" branch="False" />
                <line number="118" hits="1" branch="False" />
                <line number="121" hits="1" branch="False" />
                <line number="122" hits="1" branch="False" />
                <line number="123" hits="1" branch="False" />
                <line number="124" hits="1" branch="False" />
                <line number="128" hits="1" branch="False" />
                <line number="131" hits="1" branch="False" />
                <line number="132" hits="1" branch="False" />
                <line number="135" hits="1" branch="False" />
                <line number="137" hits="1" branch="False" />
                <line number="138" hits="1" branch="False" />
                <line number="139" hits="0" branch="False" />
                <line number="142" hits="0" branch="False" />
                <line number="143" hits="4" branch="False" />
                <line number="145" hits="4" branch="False" />
                <line number="146" hits="4" branch="False" />
                <line number="147" hits="5" branch="False" />
              </lines>
            </method>
          </methods>
          <lines>
            <line number="115" hits="6" branch="True" condition-coverage="100% (4/4)">
              <conditions>
                <condition number="352" type="jump" coverage="100%" />
                <condition number="344" type="jump" coverage="100%" />
              </conditions>
            </line>
            <line number="117" hits="5" branch="False" />
            <line number="118" hits="1" branch="False" />
            <line number="121" hits="1" branch="False" />
            <line number="122" hits="1" branch="False" />
            <line number="123" hits="1" branch="False" />
            <line number="124" hits="1" branch="False" />
            <line number="128" hits="1" branch="False" />
            <line number="131" hits="1" branch="False" />
            <line number="132" hits="1" branch="False" />
            <line number="135" hits="1" branch="False" />
            <line number="137" hits="1" branch="False" />
            <line number="138" hits="1" branch="False" />
            <line number="139" hits="0" branch="False" />
            <line number="142" hits="0" branch="False" />
            <line number="143" hits="4" branch="False" />
            <line number="145" hits="4" branch="False" />
            <line number="146" hits="4" branch="False" />
            <line number="147" hits="5" branch="False" />
          </lines>
        </class>
        <class name="PLCUnifiedSimulator.Simulators.PLCSimulatorBase/&lt;AcceptUdpClientsAsync&gt;d__21" filename="PLCUnifiedSimulator.Simulators\PLCSimulatorBase.cs" line-rate="0.8823000000000001" branch-rate="1" complexity="4">
          <methods>
            <method name="MoveNext" signature="()" line-rate="0.8823000000000001" branch-rate="1" complexity="4">
              <lines>
                <line number="153" hits="14" branch="False" />
                <line number="154" hits="26" branch="True" condition-coverage="100% (4/4)">
                  <conditions>
                    <condition number="358" type="jump" coverage="100%" />
                    <condition number="350" type="jump" coverage="100%" />
                  </conditions>
                </line>
                <line number="156" hits="20" branch="False" />
                <line number="157" hits="12" branch="False" />
                <line number="160" hits="12" branch="False" />
                <line number="161" hits="12" branch="False" />
                <line number="162" hits="12" branch="False" />
                <line number="163" hits="12" branch="False" />
                <line number="167" hits="12" branch="False" />
                <line number="171" hits="12" branch="False" />
                <line number="172" hits="6" branch="False" />
                <line number="173" hits="0" branch="False" />
                <line number="176" hits="0" branch="False" />
                <line number="177" hits="8" branch="False" />
                <line number="179" hits="8" branch="False" />
                <line number="180" hits="8" branch="False" />
                <line number="181" hits="14" branch="False" />
              </lines>
            </method>
          </methods>
          <lines>
            <line number="153" hits="14" branch="False" />
            <line number="154" hits="26" branch="True" condition-coverage="100% (4/4)">
              <conditions>
                <condition number="358" type="jump" coverage="100%" />
                <condition number="350" type="jump" coverage="100%" />
              </conditions>
            </line>
            <line number="156" hits="20" branch="False" />
            <line number="157" hits="12" branch="False" />
            <line number="160" hits="12" branch="False" />
            <line number="161" hits="12" branch="False" />
            <line number="162" hits="12" branch="False" />
            <line number="163" hits="12" branch="False" />
            <line number="167" hits="12" branch="False" />
            <line number="171" hits="12" branch="False" />
            <line number="172" hits="6" branch="False" />
            <line number="173" hits="0" branch="False" />
            <line number="176" hits="0" branch="False" />
            <line number="177" hits="8" branch="False" />
            <line number="179" hits="8" branch="False" />
            <line number="180" hits="8" branch="False" />
            <line number="181" hits="14" branch="False" />
          </lines>
        </class>
        <class name="PLCUnifiedSimulator.Simulators.PLCSimulatorBase/&lt;StartAsync&gt;d__13" filename="PLCUnifiedSimulator.Simulators\PLCSimulatorBase.cs" line-rate="0.8181" branch-rate="0.5" complexity="2">
          <methods>
            <method name="MoveNext" signature="()" line-rate="0.8181" branch-rate="0.5" complexity="2">
              <lines>
                <line number="28" hits="5" branch="True" condition-coverage="50% (1/2)">
                  <conditions>
                    <condition number="26" type="jump" coverage="50%" />
                  </conditions>
                </line>
                <line number="32" hits="5" branch="False" />
                <line number="33" hits="5" branch="False" />
                <line number="34" hits="5" branch="False" />
                <line number="35" hits="5" branch="False" />
                <line number="37" hits="5" branch="False" />
                <line number="41" hits="5" branch="False" />
                <line number="42" hits="5" branch="False" />
                <line number="45" hits="0" branch="False" />
                <line number="46" hits="0" branch="False" />
                <line number="48" hits="5" branch="False" />
              </lines>
            </method>
          </methods>
          <lines>
            <line number="28" hits="5" branch="True" condition-coverage="50% (1/2)">
              <conditions>
                <condition number="26" type="jump" coverage="50%" />
              </conditions>
            </line>
            <line number="32" hits="5" branch="False" />
            <line number="33" hits="5" branch="False" />
            <line number="34" hits="5" branch="False" />
            <line number="35" hits="5" branch="False" />
            <line number="37" hits="5" branch="False" />
            <line number="41" hits="5" branch="False" />
            <line number="42" hits="5" branch="False" />
            <line number="45" hits="0" branch="False" />
            <line number="46" hits="0" branch="False" />
            <line number="48" hits="5" branch="False" />
          </lines>
        </class>
        <class name="PLCUnifiedSimulator.Simulators.PLCSimulatorBase/&lt;StartBothAsync&gt;d__15" filename="PLCUnifiedSimulator.Simulators\PLCSimulatorBase.cs" line-rate="1" branch-rate="1" complexity="1">
          <methods>
            <method name="MoveNext" signature="()" line-rate="1" branch-rate="1" complexity="1">
              <lines>
                <line number="75" hits="4" branch="False" />
                <line number="76" hits="4" branch="False" />
                <line number="77" hits="4" branch="False" />
              </lines>
            </method>
          </methods>
          <lines>
            <line number="75" hits="4" branch="False" />
            <line number="76" hits="4" branch="False" />
            <line number="77" hits="4" branch="False" />
          </lines>
        </class>
        <class name="PLCUnifiedSimulator.Simulators.PLCSimulatorBase/&lt;StartUdpAsync&gt;d__14" filename="PLCUnifiedSimulator.Simulators\PLCSimulatorBase.cs" line-rate="0.8" branch-rate="1" complexity="4">
          <methods>
            <method name="MoveNext" signature="()" line-rate="0.8" branch-rate="1" complexity="4">
              <lines>
                <line number="52" hits="16" branch="True" condition-coverage="100% (2/2)">
                  <conditions>
                    <condition number="26" type="jump" coverage="100%" />
                  </conditions>
                </line>
                <line number="56" hits="14" branch="True" condition-coverage="100% (2/2)">
                  <conditions>
                    <condition number="41" type="jump" coverage="100%" />
                  </conditions>
                </line>
                <line number="57" hits="14" branch="False" />
                <line number="58" hits="14" branch="False" />
                <line number="59" hits="14" branch="False" />
                <line number="61" hits="14" branch="False" />
                <line number="65" hits="14" branch="False" />
                <line number="68" hits="0" branch="False" />
                <line number="69" hits="0" branch="False" />
                <line number="71" hits="15" branch="False" />
              </lines>
            </method>
          </methods>
          <lines>
            <line number="52" hits="16" branch="True" condition-coverage="100% (2/2)">
              <conditions>
                <condition number="26" type="jump" coverage="100%" />
              </conditions>
            </line>
            <line number="56" hits="14" branch="True" condition-coverage="100% (2/2)">
              <conditions>
                <condition number="41" type="jump" coverage="100%" />
              </conditions>
            </line>
            <line number="57" hits="14" branch="False" />
            <line number="58" hits="14" branch="False" />
            <line number="59" hits="14" branch="False" />
            <line number="61" hits="14" branch="False" />
            <line number="65" hits="14" branch="False" />
            <line number="68" hits="0" branch="False" />
            <line number="69" hits="0" branch="False" />
            <line number="71" hits="15" branch="False" />
          </lines>
        </class>
        <class name="PLCUnifiedSimulator.Simulators.PLCSimulatorBase/&lt;StopAsync&gt;d__16" filename="PLCUnifiedSimulator.Simulators\PLCSimulatorBase.cs" line-rate="1" branch-rate="0.875" complexity="8">
          <methods>
            <method name="MoveNext" signature="()" line-rate="1" branch-rate="0.875" complexity="8">
              <lines>
                <line number="81" hits="53" branch="True" condition-coverage="100% (2/2)">
                  <conditions>
                    <condition number="26" type="jump" coverage="100%" />
                  </conditions>
                </line>
                <line number="83" hits="15" branch="False" />
                <line number="85" hits="15" branch="False" />
                <line number="86" hits="15" branch="True" condition-coverage="50% (1/2)">
                  <conditions>
                    <condition number="64" type="jump" coverage="50%" />
                  </conditions>
                </line>
                <line number="87" hits="15" branch="True" condition-coverage="100% (2/2)">
                  <conditions>
                    <condition number="81" type="jump" coverage="100%" />
                  </conditions>
                </line>
                <line number="88" hits="15" branch="True" condition-coverage="100% (2/2)">
                  <conditions>
                    <condition number="98" type="jump" coverage="100%" />
                  </conditions>
                </line>
                <line number="89" hits="15" branch="False" />
                <line number="91" hits="15" branch="False" />
                <line number="92" hits="15" branch="False" />
                <line number="93" hits="34" branch="False" />
              </lines>
            </method>
          </methods>
          <lines>
            <line number="81" hits="53" branch="True" condition-coverage="100% (2/2)">
              <conditions>
                <condition number="26" type="jump" coverage="100%" />
              </conditions>
            </line>
            <line number="83" hits="15" branch="False" />
            <line number="85" hits="15" branch="False" />
            <line number="86" hits="15" branch="True" condition-coverage="50% (1/2)">
              <conditions>
                <condition number="64" type="jump" coverage="50%" />
              </conditions>
            </line>
            <line number="87" hits="15" branch="True" condition-coverage="100% (2/2)">
              <conditions>
                <condition number="81" type="jump" coverage="100%" />
              </conditions>
            </line>
            <line number="88" hits="15" branch="True" condition-coverage="100% (2/2)">
              <conditions>
                <condition number="98" type="jump" coverage="100%" />
              </conditions>
            </line>
            <line number="89" hits="15" branch="False" />
            <line number="91" hits="15" branch="False" />
            <line number="92" hits="15" branch="False" />
            <line number="93" hits="34" branch="False" />
          </lines>
        </class>
      </classes>
    </package>
  </packages>
</coverage>