<?xml version="1.0" encoding="utf-8"?>
<coverage line-rate="0.4875" branch-rate="0.2425" version="1.9" timestamp="1759041866" lines-covered="782" lines-valid="1604" branches-covered="98" branches-valid="404">
  <sources>
    <source>D:\source\repos\plc-unified-simulator\src\</source>
  </sources>
  <packages>
    <package name="PLCUnifiedSimulator.Core" line-rate="0.42219999999999996" branch-rate="0.3181" complexity="34">
      <classes>
        <class name="PLCUnifiedSimulator.Core.PLCAddress" filename="PLCUnifiedSimulator.Core\PLCData.cs" line-rate="1" branch-rate="1" complexity="5">
          <methods>
            <method name="get_DeviceType" signature="()" line-rate="1" branch-rate="1" complexity="1">
              <lines>
                <line number="8" hits="197" branch="False" />
              </lines>
            </method>
            <method name="get_Address" signature="()" line-rate="1" branch-rate="1" complexity="1">
              <lines>
                <line number="9" hits="143" branch="False" />
              </lines>
            </method>
            <method name="get_Size" signature="()" line-rate="1" branch-rate="1" complexity="1">
              <lines>
                <line number="10" hits="55" branch="False" />
              </lines>
            </method>
            <method name="ToString" signature="()" line-rate="1" branch-rate="1" complexity="1">
              <lines>
                <line number="20" hits="1" branch="False" />
                <line number="21" hits="1" branch="False" />
                <line number="22" hits="1" branch="False" />
              </lines>
            </method>
            <method name=".ctor" signature="(System.String,System.Int32,System.Int32)" line-rate="1" branch-rate="1" complexity="1">
              <lines>
                <line number="12" hits="54" branch="False" />
                <line number="13" hits="54" branch="False" />
                <line number="14" hits="54" branch="False" />
                <line number="15" hits="54" branch="False" />
                <line number="16" hits="54" branch="False" />
                <line number="17" hits="54" branch="False" />
              </lines>
            </method>
          </methods>
          <lines>
            <line number="8" hits="197" branch="False" />
            <line number="9" hits="143" branch="False" />
            <line number="10" hits="55" branch="False" />
            <line number="20" hits="1" branch="False" />
            <line number="21" hits="1" branch="False" />
            <line number="22" hits="1" branch="False" />
            <line number="12" hits="54" branch="False" />
            <line number="13" hits="54" branch="False" />
            <line number="14" hits="54" branch="False" />
            <line number="15" hits="54" branch="False" />
            <line number="16" hits="54" branch="False" />
            <line number="17" hits="54" branch="False" />
          </lines>
        </class>
        <class name="PLCUnifiedSimulator.Core.PLCData" filename="PLCUnifiedSimulator.Core\PLCData.cs" line-rate="0.9473" branch-rate="0.75" complexity="12">
          <methods>
            <method name="get_Address" signature="()" line-rate="1" branch-rate="1" complexity="1">
              <lines>
                <line number="30" hits="6" branch="False" />
              </lines>
            </method>
            <method name="get_Data" signature="()" line-rate="1" branch-rate="1" complexity="1">
              <lines>
                <line number="31" hits="10" branch="False" />
              </lines>
            </method>
            <method name="get_Timestamp" signature="()" line-rate="1" branch-rate="1" complexity="1">
              <lines>
                <line number="32" hits="6" branch="False" />
              </lines>
            </method>
            <method name="GetValue" signature="()" line-rate="0.9" branch-rate="0.75" complexity="8">
              <lines>
                <line number="42" hits="4" branch="False" />
                <line number="43" hits="4" branch="False" />
                <line number="44" hits="4" branch="False" />
                <line number="45" hits="5" branch="True" condition-coverage="100% (2/2)">
                  <conditions>
                    <condition number="34" type="jump" coverage="100%" />
                  </conditions>
                </line>
                <line number="46" hits="5" branch="True" condition-coverage="100% (2/2)">
                  <conditions>
                    <condition number="85" type="jump" coverage="100%" />
                  </conditions>
                </line>
                <line number="47" hits="1" branch="True" condition-coverage="50% (1/2)">
                  <conditions>
                    <condition number="136" type="jump" coverage="50%" />
                  </conditions>
                </line>
                <line number="48" hits="2" branch="True" condition-coverage="50% (1/2)">
                  <conditions>
                    <condition number="184" type="jump" coverage="50%" />
                  </conditions>
                </line>
                <line number="49" hits="0" branch="False" />
                <line number="50" hits="4" branch="False" />
                <line number="51" hits="3" branch="False" />
              </lines>
            </method>
            <method name=".ctor" signature="(PLCUnifiedSimulator.Core.PLCAddress,System.Byte[])" line-rate="1" branch-rate="1" complexity="1">
              <lines>
                <line number="34" hits="5" branch="False" />
                <line number="35" hits="5" branch="False" />
                <line number="36" hits="5" branch="False" />
                <line number="37" hits="5" branch="False" />
                <line number="38" hits="5" branch="False" />
                <line number="39" hits="5" branch="False" />
              </lines>
            </method>
          </methods>
          <lines>
            <line number="30" hits="6" branch="False" />
            <line number="31" hits="10" branch="False" />
            <line number="32" hits="6" branch="False" />
            <line number="42" hits="4" branch="False" />
            <line number="43" hits="4" branch="False" />
            <line number="44" hits="4" branch="False" />
            <line number="45" hits="5" branch="True" condition-coverage="100% (2/2)">
              <conditions>
                <condition number="34" type="jump" coverage="100%" />
              </conditions>
            </line>
            <line number="46" hits="5" branch="True" condition-coverage="100% (2/2)">
              <conditions>
                <condition number="85" type="jump" coverage="100%" />
              </conditions>
            </line>
            <line number="47" hits="1" branch="True" condition-coverage="50% (1/2)">
              <conditions>
                <condition number="136" type="jump" coverage="50%" />
              </conditions>
            </line>
            <line number="48" hits="2" branch="True" condition-coverage="50% (1/2)">
              <conditions>
                <condition number="184" type="jump" coverage="50%" />
              </conditions>
            </line>
            <line number="49" hits="0" branch="False" />
            <line number="50" hits="4" branch="False" />
            <line number="51" hits="3" branch="False" />
            <line number="34" hits="5" branch="False" />
            <line number="35" hits="5" branch="False" />
            <line number="36" hits="5" branch="False" />
            <line number="37" hits="5" branch="False" />
            <line number="38" hits="5" branch="False" />
            <line number="39" hits="5" branch="False" />
          </lines>
        </class>
        <class name="PLCUnifiedSimulator.Core.PLCProtocolBase" filename="PLCUnifiedSimulator.Core\PLCProtocolBase.cs" line-rate="0.3636" branch-rate="0.1666" complexity="9">
          <methods>
            <method name="get_Logger" signature="()" line-rate="1" branch-rate="1" complexity="1">
              <lines>
                <line number="16" hits="2" branch="False" />
              </lines>
            </method>
            <method name="get_IsConnected" signature="()" line-rate="1" branch-rate="1" complexity="1">
              <lines>
                <line number="17" hits="5" branch="False" />
              </lines>
            </method>
            <method name="Dispose" signature="(System.Boolean)" line-rate="0" branch-rate="0" complexity="4">
              <lines>
                <line number="76" hits="0" branch="False" />
                <line number="77" hits="0" branch="True" condition-coverage="0% (0/2)">
                  <conditions>
                    <condition number="12" type="jump" coverage="0%" />
                  </conditions>
                </line>
                <line number="78" hits="0" branch="False" />
                <line number="79" hits="0" branch="True" condition-coverage="0% (0/2)">
                  <conditions>
                    <condition number="18" type="jump" coverage="0%" />
                  </conditions>
                </line>
                <line number="80" hits="0" branch="False" />
                <line number="81" hits="0" branch="False" />
                <line number="82" hits="0" branch="False" />
                <line number="83" hits="0" branch="False" />
                <line number="84" hits="0" branch="False" />
                <line number="85" hits="0" branch="False" />
              </lines>
            </method>
            <method name="Dispose" signature="()" line-rate="0" branch-rate="1" complexity="1">
              <lines>
                <line number="88" hits="0" branch="False" />
                <line number="89" hits="0" branch="False" />
                <line number="90" hits="0" branch="False" />
                <line number="91" hits="0" branch="False" />
              </lines>
            </method>
            <method name=".ctor" signature="(Microsoft.Extensions.Logging.ILogger)" line-rate="1" branch-rate="0.5" complexity="2">
              <lines>
                <line number="10" hits="225" branch="False" />
                <line number="11" hits="225" branch="False" />
                <line number="19" hits="225" branch="False" />
                <line number="20" hits="225" branch="False" />
                <line number="21" hits="225" branch="True" condition-coverage="50% (1/2)">
                  <conditions>
                    <condition number="25" type="jump" coverage="50%" />
                  </conditions>
                </line>
                <line number="22" hits="225" branch="False" />
              </lines>
            </method>
          </methods>
          <lines>
            <line number="16" hits="2" branch="False" />
            <line number="17" hits="5" branch="False" />
            <line number="76" hits="0" branch="False" />
            <line number="77" hits="0" branch="True" condition-coverage="0% (0/2)">
              <conditions>
                <condition number="12" type="jump" coverage="0%" />
              </conditions>
            </line>
            <line number="78" hits="0" branch="False" />
            <line number="79" hits="0" branch="True" condition-coverage="0% (0/2)">
              <conditions>
                <condition number="18" type="jump" coverage="0%" />
              </conditions>
            </line>
            <line number="80" hits="0" branch="False" />
            <line number="81" hits="0" branch="False" />
            <line number="82" hits="0" branch="False" />
            <line number="83" hits="0" branch="False" />
            <line number="84" hits="0" branch="False" />
            <line number="85" hits="0" branch="False" />
            <line number="88" hits="0" branch="False" />
            <line number="89" hits="0" branch="False" />
            <line number="90" hits="0" branch="False" />
            <line number="91" hits="0" branch="False" />
            <line number="10" hits="225" branch="False" />
            <line number="11" hits="225" branch="False" />
            <line number="19" hits="225" branch="False" />
            <line number="20" hits="225" branch="False" />
            <line number="21" hits="225" branch="True" condition-coverage="50% (1/2)">
              <conditions>
                <condition number="25" type="jump" coverage="50%" />
              </conditions>
            </line>
            <line number="22" hits="225" branch="False" />
          </lines>
        </class>
        <class name="PLCUnifiedSimulator.Core.PLCProtocolBase/&lt;ReadMultipleAsync&gt;d__17" filename="PLCUnifiedSimulator.Core\PLCProtocolBase.cs" line-rate="0" branch-rate="0" complexity="4">
          <methods>
            <method name="MoveNext" signature="()" line-rate="0" branch-rate="0" complexity="4">
              <lines>
                <line number="31" hits="0" branch="False" />
                <line number="32" hits="0" branch="False" />
                <line number="33" hits="0" branch="True" condition-coverage="0% (0/2)">
                  <conditions>
                    <condition number="482" type="jump" coverage="0%" />
                  </conditions>
                </line>
                <line number="34" hits="0" branch="False" />
                <line number="35" hits="0" branch="False" />
                <line number="36" hits="0" branch="False" />
                <line number="37" hits="0" branch="True" condition-coverage="0% (0/2)">
                  <conditions>
                    <condition number="308" type="jump" coverage="0%" />
                  </conditions>
                </line>
                <line number="38" hits="0" branch="False" />
                <line number="39" hits="0" branch="False" />
                <line number="40" hits="0" branch="False" />
                <line number="41" hits="0" branch="False" />
                <line number="43" hits="0" branch="False" />
                <line number="44" hits="0" branch="False" />
                <line number="45" hits="0" branch="False" />
                <line number="46" hits="0" branch="False" />
                <line number="47" hits="0" branch="False" />
                <line number="48" hits="0" branch="False" />
                <line number="49" hits="0" branch="False" />
              </lines>
            </method>
          </methods>
          <lines>
            <line number="31" hits="0" branch="False" />
            <line number="32" hits="0" branch="False" />
            <line number="33" hits="0" branch="True" condition-coverage="0% (0/2)">
              <conditions>
                <condition number="482" type="jump" coverage="0%" />
              </conditions>
            </line>
            <line number="34" hits="0" branch="False" />
            <line number="35" hits="0" branch="False" />
            <line number="36" hits="0" branch="False" />
            <line number="37" hits="0" branch="True" condition-coverage="0% (0/2)">
              <conditions>
                <condition number="308" type="jump" coverage="0%" />
              </conditions>
            </line>
            <line number="38" hits="0" branch="False" />
            <line number="39" hits="0" branch="False" />
            <line number="40" hits="0" branch="False" />
            <line number="41" hits="0" branch="False" />
            <line number="43" hits="0" branch="False" />
            <line number="44" hits="0" branch="False" />
            <line number="45" hits="0" branch="False" />
            <line number="46" hits="0" branch="False" />
            <line number="47" hits="0" branch="False" />
            <line number="48" hits="0" branch="False" />
            <line number="49" hits="0" branch="False" />
          </lines>
        </class>
        <class name="PLCUnifiedSimulator.Core.PLCProtocolBase/&lt;WriteMultipleAsync&gt;d__18" filename="PLCUnifiedSimulator.Core\PLCProtocolBase.cs" line-rate="0" branch-rate="0" complexity="4">
          <methods>
            <method name="MoveNext" signature="()" line-rate="0" branch-rate="0" complexity="4">
              <lines>
                <line number="52" hits="0" branch="False" />
                <line number="53" hits="0" branch="False" />
                <line number="54" hits="0" branch="False" />
                <line number="56" hits="0" branch="True" condition-coverage="0% (0/2)">
                  <conditions>
                    <condition number="497" type="jump" coverage="0%" />
                  </conditions>
                </line>
                <line number="57" hits="0" branch="False" />
                <line number="58" hits="0" branch="False" />
                <line number="59" hits="0" branch="True" condition-coverage="0% (0/2)">
                  <conditions>
                    <condition number="323" type="jump" coverage="0%" />
                  </conditions>
                </line>
                <line number="60" hits="0" branch="False" />
                <line number="61" hits="0" branch="False" />
                <line number="62" hits="0" branch="False" />
                <line number="63" hits="0" branch="False" />
                <line number="65" hits="0" branch="False" />
                <line number="66" hits="0" branch="False" />
                <line number="67" hits="0" branch="False" />
                <line number="68" hits="0" branch="False" />
                <line number="70" hits="0" branch="False" />
                <line number="71" hits="0" branch="False" />
                <line number="72" hits="0" branch="False" />
                <line number="73" hits="0" branch="False" />
              </lines>
            </method>
          </methods>
          <lines>
            <line number="52" hits="0" branch="False" />
            <line number="53" hits="0" branch="False" />
            <line number="54" hits="0" branch="False" />
            <line number="56" hits="0" branch="True" condition-coverage="0% (0/2)">
              <conditions>
                <condition number="497" type="jump" coverage="0%" />
              </conditions>
            </line>
            <line number="57" hits="0" branch="False" />
            <line number="58" hits="0" branch="False" />
            <line number="59" hits="0" branch="True" condition-coverage="0% (0/2)">
              <conditions>
                <condition number="323" type="jump" coverage="0%" />
              </conditions>
            </line>
            <line number="60" hits="0" branch="False" />
            <line number="61" hits="0" branch="False" />
            <line number="62" hits="0" branch="False" />
            <line number="63" hits="0" branch="False" />
            <line number="65" hits="0" branch="False" />
            <line number="66" hits="0" branch="False" />
            <line number="67" hits="0" branch="False" />
            <line number="68" hits="0" branch="False" />
            <line number="70" hits="0" branch="False" />
            <line number="71" hits="0" branch="False" />
            <line number="72" hits="0" branch="False" />
            <line number="73" hits="0" branch="False" />
          </lines>
        </class>
      </classes>
    </package>
    <package name="PLCUnifiedSimulator.Protocols.Mitsubishi" line-rate="0.6809000000000001" branch-rate="0.4905" complexity="79">
      <classes>
        <class name="PLCUnifiedSimulator.Protocols.Mitsubishi.MitsubishiMCProtocol" filename="PLCUnifiedSimulator.Protocols.Mitsubishi\MitsubishiMCProtocol.cs" line-rate="0.15380000000000002" branch-rate="0.15" complexity="30">
          <methods>
            <method name="get_PLCSeries" signature="()" line-rate="1" branch-rate="1" complexity="1">
              <lines>
                <line number="19" hits="12" branch="False" />
              </lines>
            </method>
            <method name="get_ProtocolName" signature="()" line-rate="1" branch-rate="1" complexity="1">
              <lines>
                <line number="20" hits="50" branch="False" />
              </lines>
            </method>
            <method name="get_DefaultPort" signature="()" line-rate="1" branch-rate="1" complexity="1">
              <lines>
                <line number="21" hits="13" branch="False" />
              </lines>
            </method>
            <method name="CreateReadRequest" signature="(PLCUnifiedSimulator.Core.PLCAddress)" line-rate="0" branch-rate="0" complexity="2">
              <lines>
                <line number="179" hits="0" branch="False" />
                <line number="180" hits="0" branch="True" condition-coverage="0% (0/2)">
                  <conditions>
                    <condition number="14" type="jump" coverage="0%" />
                  </conditions>
                </line>
                <line number="181" hits="0" branch="False" />
                <line number="182" hits="0" branch="False" />
                <line number="185" hits="0" branch="False" />
                <line number="186" hits="0" branch="False" />
                <line number="188" hits="0" branch="False" />
              </lines>
            </method>
            <method name="CreateBinaryReadRequest" signature="(PLCUnifiedSimulator.Core.PLCAddress)" line-rate="0" branch-rate="1" complexity="1">
              <lines>
                <line number="191" hits="0" branch="False" />
                <line number="193" hits="0" branch="False" />
                <line number="196" hits="0" branch="False" />
                <line number="197" hits="0" branch="False" />
                <line number="198" hits="0" branch="False" />
                <line number="199" hits="0" branch="False" />
                <line number="200" hits="0" branch="False" />
                <line number="201" hits="0" branch="False" />
                <line number="204" hits="0" branch="False" />
                <line number="207" hits="0" branch="False" />
                <line number="210" hits="0" branch="False" />
                <line number="211" hits="0" branch="False" />
                <line number="212" hits="0" branch="False" />
                <line number="213" hits="0" branch="False" />
                <line number="214" hits="0" branch="False" />
                <line number="216" hits="0" branch="False" />
                <line number="217" hits="0" branch="False" />
              </lines>
            </method>
            <method name="CreateASCIIReadRequest" signature="(PLCUnifiedSimulator.Core.PLCAddress)" line-rate="0" branch-rate="1" complexity="1">
              <lines>
                <line number="220" hits="0" branch="False" />
                <line number="222" hits="0" branch="False" />
                <line number="224" hits="0" branch="False" />
                <line number="225" hits="0" branch="False" />
                <line number="226" hits="0" branch="False" />
                <line number="227" hits="0" branch="False" />
                <line number="228" hits="0" branch="False" />
                <line number="230" hits="0" branch="False" />
                <line number="231" hits="0" branch="False" />
                <line number="232" hits="0" branch="False" />
                <line number="233" hits="0" branch="False" />
                <line number="234" hits="0" branch="False" />
                <line number="235" hits="0" branch="False" />
                <line number="236" hits="0" branch="False" />
                <line number="237" hits="0" branch="False" />
                <line number="239" hits="0" branch="False" />
                <line number="240" hits="0" branch="False" />
              </lines>
            </method>
            <method name="CreateWriteRequest" signature="(PLCUnifiedSimulator.Core.PLCAddress,System.Byte[])" line-rate="0" branch-rate="0" complexity="2">
              <lines>
                <line number="243" hits="0" branch="False" />
                <line number="244" hits="0" branch="True" condition-coverage="0% (0/2)">
                  <conditions>
                    <condition number="14" type="jump" coverage="0%" />
                  </conditions>
                </line>
                <line number="245" hits="0" branch="False" />
                <line number="246" hits="0" branch="False" />
                <line number="249" hits="0" branch="False" />
                <line number="250" hits="0" branch="False" />
                <line number="252" hits="0" branch="False" />
              </lines>
            </method>
            <method name="CreateBinaryWriteRequest" signature="(PLCUnifiedSimulator.Core.PLCAddress,System.Byte[])" line-rate="0" branch-rate="1" complexity="1">
              <lines>
                <line number="255" hits="0" branch="False" />
                <line number="257" hits="0" branch="False" />
                <line number="260" hits="0" branch="False" />
                <line number="261" hits="0" branch="False" />
                <line number="262" hits="0" branch="False" />
                <line number="263" hits="0" branch="False" />
                <line number="264" hits="0" branch="False" />
                <line number="265" hits="0" branch="False" />
                <line number="268" hits="0" branch="False" />
                <line number="271" hits="0" branch="False" />
                <line number="274" hits="0" branch="False" />
                <line number="275" hits="0" branch="False" />
                <line number="276" hits="0" branch="False" />
                <line number="277" hits="0" branch="False" />
                <line number="278" hits="0" branch="False" />
                <line number="281" hits="0" branch="False" />
                <line number="283" hits="0" branch="False" />
                <line number="284" hits="0" branch="False" />
              </lines>
            </method>
            <method name="CreateASCIIWriteRequest" signature="(PLCUnifiedSimulator.Core.PLCAddress,System.Byte[])" line-rate="0" branch-rate="1" complexity="1">
              <lines>
                <line number="287" hits="0" branch="False" />
                <line number="289" hits="0" branch="False" />
                <line number="291" hits="0" branch="False" />
                <line number="292" hits="0" branch="False" />
                <line number="293" hits="0" branch="False" />
                <line number="294" hits="0" branch="False" />
                <line number="295" hits="0" branch="False" />
                <line number="296" hits="0" branch="False" />
                <line number="297" hits="0" branch="False" />
                <line number="299" hits="0" branch="False" />
                <line number="300" hits="0" branch="False" />
                <line number="301" hits="0" branch="False" />
                <line number="302" hits="0" branch="False" />
                <line number="303" hits="0" branch="False" />
                <line number="304" hits="0" branch="False" />
                <line number="305" hits="0" branch="False" />
                <line number="306" hits="0" branch="False" />
                <line number="308" hits="0" branch="False" />
                <line number="309" hits="0" branch="False" />
              </lines>
            </method>
            <method name="IsValidResponse" signature="(System.Byte[],System.Int32)" line-rate="0" branch-rate="0" complexity="2">
              <lines>
                <line number="312" hits="0" branch="False" />
                <line number="313" hits="0" branch="True" condition-coverage="0% (0/2)">
                  <conditions>
                    <condition number="8" type="jump" coverage="0%" />
                  </conditions>
                </line>
                <line number="316" hits="0" branch="False" />
                <line number="317" hits="0" branch="False" />
                <line number="318" hits="0" branch="False" />
              </lines>
            </method>
            <method name="ExtractDataFromResponse" signature="(System.Byte[],System.Int32,System.Int32)" line-rate="0" branch-rate="1" complexity="1">
              <lines>
                <line number="321" hits="0" branch="False" />
                <line number="323" hits="0" branch="False" />
                <line number="324" hits="0" branch="False" />
                <line number="325" hits="0" branch="False" />
                <line number="326" hits="0" branch="False" />
              </lines>
            </method>
            <method name="GetDeviceInfo" signature="(System.String)" line-rate="0" branch-rate="0" complexity="2">
              <lines>
                <line number="329" hits="0" branch="False" />
                <line number="330" hits="0" branch="False" />
                <line number="332" hits="0" branch="True" condition-coverage="0% (0/2)">
                  <conditions>
                    <condition number="27" type="jump" coverage="0%" />
                  </conditions>
                </line>
                <line number="333" hits="0" branch="False" />
                <line number="334" hits="0" branch="False" />
                <line number="335" hits="0" branch="False" />
                <line number="339" hits="0" branch="False" />
                <line number="340" hits="0" branch="False" />
                <line number="341" hits="0" branch="False" />
                <line number="342" hits="0" branch="False" />
              </lines>
            </method>
            <method name="IsDeviceSupported" signature="(System.String)" line-rate="1" branch-rate="1" complexity="1">
              <lines>
                <line number="350" hits="40" branch="False" />
                <line number="351" hits="40" branch="False" />
                <line number="352" hits="40" branch="False" />
                <line number="353" hits="40" branch="False" />
              </lines>
            </method>
            <method name="ValidateDeviceAccess" signature="(PLCUnifiedSimulator.Core.PLCAddress)" line-rate="0" branch-rate="0" complexity="8">
              <lines>
                <line number="362" hits="0" branch="False" />
                <line number="363" hits="0" branch="True" condition-coverage="0% (0/2)">
                  <conditions>
                    <condition number="14" type="jump" coverage="0%" />
                  </conditions>
                </line>
                <line number="364" hits="0" branch="False" />
                <line number="365" hits="0" branch="False" />
                <line number="368" hits="0" branch="True" condition-coverage="0% (0/2)">
                  <conditions>
                    <condition number="50" type="jump" coverage="0%" />
                  </conditions>
                </line>
                <line number="369" hits="0" branch="False" />
                <line number="370" hits="0" branch="False" />
                <line number="371" hits="0" branch="False" />
                <line number="372" hits="0" branch="False" />
                <line number="375" hits="0" branch="True" condition-coverage="0% (0/2)">
                  <conditions>
                    <condition number="209" type="jump" coverage="0%" />
                  </conditions>
                </line>
                <line number="376" hits="0" branch="False" />
                <line number="377" hits="0" branch="False" />
                <line number="380" hits="0" branch="True" condition-coverage="0% (0/2)">
                  <conditions>
                    <condition number="244" type="jump" coverage="0%" />
                  </conditions>
                </line>
                <line number="381" hits="0" branch="False" />
                <line number="382" hits="0" branch="False" />
                <line number="384" hits="0" branch="False" />
              </lines>
            </method>
            <method name="IsWordDevice" signature="(System.String)" line-rate="1" branch-rate="0.5" complexity="2">
              <lines>
                <line number="390" hits="304" branch="False" />
                <line number="391" hits="304" branch="False" />
                <line number="392" hits="304" branch="True" condition-coverage="50% (1/2)">
                  <conditions>
                    <condition number="25" type="jump" coverage="50%" />
                  </conditions>
                </line>
                <line number="393" hits="304" branch="False" />
                <line number="394" hits="304" branch="False" />
                <line number="395" hits="304" branch="False" />
              </lines>
            </method>
            <method name="GetSupportedDevices" signature="()" line-rate="1" branch-rate="1" complexity="1">
              <lines>
                <line number="401" hits="13" branch="False" />
                <line number="402" hits="13" branch="False" />
                <line number="403" hits="13" branch="False" />
              </lines>
            </method>
            <method name=".ctor" signature="(PLCUnifiedSimulator.Protocols.Mitsubishi.MitsubishiPLCSeries,Microsoft.Extensions.Logging.ILogger)" line-rate="1" branch-rate="1" complexity="2">
              <lines>
                <line number="16" hits="163" branch="False" />
                <line number="24" hits="163" branch="True" condition-coverage="100% (2/2)">
                  <conditions>
                    <condition number="14" type="jump" coverage="100%" />
                  </conditions>
                </line>
                <line number="25" hits="163" branch="False" />
                <line number="26" hits="163" branch="False" />
                <line number="27" hits="163" branch="False" />
                <line number="28" hits="163" branch="False" />
              </lines>
            </method>
          </methods>
          <lines>
            <line number="19" hits="12" branch="False" />
            <line number="20" hits="50" branch="False" />
            <line number="21" hits="13" branch="False" />
            <line number="179" hits="0" branch="False" />
            <line number="180" hits="0" branch="True" condition-coverage="0% (0/2)">
              <conditions>
                <condition number="14" type="jump" coverage="0%" />
              </conditions>
            </line>
            <line number="181" hits="0" branch="False" />
            <line number="182" hits="0" branch="False" />
            <line number="185" hits="0" branch="False" />
            <line number="186" hits="0" branch="False" />
            <line number="188" hits="0" branch="False" />
            <line number="191" hits="0" branch="False" />
            <line number="193" hits="0" branch="False" />
            <line number="196" hits="0" branch="False" />
            <line number="197" hits="0" branch="False" />
            <line number="198" hits="0" branch="False" />
            <line number="199" hits="0" branch="False" />
            <line number="200" hits="0" branch="False" />
            <line number="201" hits="0" branch="False" />
            <line number="204" hits="0" branch="False" />
            <line number="207" hits="0" branch="False" />
            <line number="210" hits="0" branch="False" />
            <line number="211" hits="0" branch="False" />
            <line number="212" hits="0" branch="False" />
            <line number="213" hits="0" branch="False" />
            <line number="214" hits="0" branch="False" />
            <line number="216" hits="0" branch="False" />
            <line number="217" hits="0" branch="False" />
            <line number="220" hits="0" branch="False" />
            <line number="222" hits="0" branch="False" />
            <line number="224" hits="0" branch="False" />
            <line number="225" hits="0" branch="False" />
            <line number="226" hits="0" branch="False" />
            <line number="227" hits="0" branch="False" />
            <line number="228" hits="0" branch="False" />
            <line number="230" hits="0" branch="False" />
            <line number="231" hits="0" branch="False" />
            <line number="232" hits="0" branch="False" />
            <line number="233" hits="0" branch="False" />
            <line number="234" hits="0" branch="False" />
            <line number="235" hits="0" branch="False" />
            <line number="236" hits="0" branch="False" />
            <line number="237" hits="0" branch="False" />
            <line number="239" hits="0" branch="False" />
            <line number="240" hits="0" branch="False" />
            <line number="243" hits="0" branch="False" />
            <line number="244" hits="0" branch="True" condition-coverage="0% (0/2)">
              <conditions>
                <condition number="14" type="jump" coverage="0%" />
              </conditions>
            </line>
            <line number="245" hits="0" branch="False" />
            <line number="246" hits="0" branch="False" />
            <line number="249" hits="0" branch="False" />
            <line number="250" hits="0" branch="False" />
            <line number="252" hits="0" branch="False" />
            <line number="255" hits="0" branch="False" />
            <line number="257" hits="0" branch="False" />
            <line number="260" hits="0" branch="False" />
            <line number="261" hits="0" branch="False" />
            <line number="262" hits="0" branch="False" />
            <line number="263" hits="0" branch="False" />
            <line number="264" hits="0" branch="False" />
            <line number="265" hits="0" branch="False" />
            <line number="268" hits="0" branch="False" />
            <line number="271" hits="0" branch="False" />
            <line number="274" hits="0" branch="False" />
            <line number="275" hits="0" branch="False" />
            <line number="276" hits="0" branch="False" />
            <line number="277" hits="0" branch="False" />
            <line number="278" hits="0" branch="False" />
            <line number="281" hits="0" branch="False" />
            <line number="283" hits="0" branch="False" />
            <line number="284" hits="0" branch="False" />
            <line number="287" hits="0" branch="False" />
            <line number="289" hits="0" branch="False" />
            <line number="291" hits="0" branch="False" />
            <line number="292" hits="0" branch="False" />
            <line number="293" hits="0" branch="False" />
            <line number="294" hits="0" branch="False" />
            <line number="295" hits="0" branch="False" />
            <line number="296" hits="0" branch="False" />
            <line number="297" hits="0" branch="False" />
            <line number="299" hits="0" branch="False" />
            <line number="300" hits="0" branch="False" />
            <line number="301" hits="0" branch="False" />
            <line number="302" hits="0" branch="False" />
            <line number="303" hits="0" branch="False" />
            <line number="304" hits="0" branch="False" />
            <line number="305" hits="0" branch="False" />
            <line number="306" hits="0" branch="False" />
            <line number="308" hits="0" branch="False" />
            <line number="309" hits="0" branch="False" />
            <line number="312" hits="0" branch="False" />
            <line number="313" hits="0" branch="True" condition-coverage="0% (0/2)">
              <conditions>
                <condition number="8" type="jump" coverage="0%" />
              </conditions>
            </line>
            <line number="316" hits="0" branch="False" />
            <line number="317" hits="0" branch="False" />
            <line number="318" hits="0" branch="False" />
            <line number="321" hits="0" branch="False" />
            <line number="323" hits="0" branch="False" />
            <line number="324" hits="0" branch="False" />
            <line number="325" hits="0" branch="False" />
            <line number="326" hits="0" branch="False" />
            <line number="329" hits="0" branch="False" />
            <line number="330" hits="0" branch="False" />
            <line number="332" hits="0" branch="True" condition-coverage="0% (0/2)">
              <conditions>
                <condition number="27" type="jump" coverage="0%" />
              </conditions>
            </line>
            <line number="333" hits="0" branch="False" />
            <line number="334" hits="0" branch="False" />
            <line number="335" hits="0" branch="False" />
            <line number="339" hits="0" branch="False" />
            <line number="340" hits="0" branch="False" />
            <line number="341" hits="0" branch="False" />
            <line number="342" hits="0" branch="False" />
            <line number="350" hits="40" branch="False" />
            <line number="351" hits="40" branch="False" />
            <line number="352" hits="40" branch="False" />
            <line number="353" hits="40" branch="False" />
            <line number="362" hits="0" branch="False" />
            <line number="363" hits="0" branch="True" condition-coverage="0% (0/2)">
              <conditions>
                <condition number="14" type="jump" coverage="0%" />
              </conditions>
            </line>
            <line number="364" hits="0" branch="False" />
            <line number="365" hits="0" branch="False" />
            <line number="368" hits="0" branch="True" condition-coverage="0% (0/2)">
              <conditions>
                <condition number="50" type="jump" coverage="0%" />
              </conditions>
            </line>
            <line number="369" hits="0" branch="False" />
            <line number="370" hits="0" branch="False" />
            <line number="371" hits="0" branch="False" />
            <line number="372" hits="0" branch="False" />
            <line number="375" hits="0" branch="True" condition-coverage="0% (0/2)">
              <conditions>
                <condition number="209" type="jump" coverage="0%" />
              </conditions>
            </line>
            <line number="376" hits="0" branch="False" />
            <line number="377" hits="0" branch="False" />
            <line number="380" hits="0" branch="True" condition-coverage="0% (0/2)">
              <conditions>
                <condition number="244" type="jump" coverage="0%" />
              </conditions>
            </line>
            <line number="381" hits="0" branch="False" />
            <line number="382" hits="0" branch="False" />
            <line number="384" hits="0" branch="False" />
            <line number="390" hits="304" branch="False" />
            <line number="391" hits="304" branch="False" />
            <line number="392" hits="304" branch="True" condition-coverage="50% (1/2)">
              <conditions>
                <condition number="25" type="jump" coverage="50%" />
              </conditions>
            </line>
            <line number="393" hits="304" branch="False" />
            <line number="394" hits="304" branch="False" />
            <line number="395" hits="304" branch="False" />
            <line number="401" hits="13" branch="False" />
            <line number="402" hits="13" branch="False" />
            <line number="403" hits="13" branch="False" />
            <line number="16" hits="163" branch="False" />
            <line number="24" hits="163" branch="True" condition-coverage="100% (2/2)">
              <conditions>
                <condition number="14" type="jump" coverage="100%" />
              </conditions>
            </line>
            <line number="25" hits="163" branch="False" />
            <line number="26" hits="163" branch="False" />
            <line number="27" hits="163" branch="False" />
            <line number="28" hits="163" branch="False" />
          </lines>
        </class>
        <class name="PLCUnifiedSimulator.Protocols.Mitsubishi.MitsubishiMCProtocol/&lt;ConnectAsync&gt;d__12" filename="PLCUnifiedSimulator.Protocols.Mitsubishi\MitsubishiMCProtocol.cs" line-rate="0.7333" branch-rate="1" complexity="1">
          <methods>
            <method name="MoveNext" signature="()" line-rate="0.7333" branch-rate="1" complexity="1">
              <lines>
                <line number="31" hits="1" branch="False" />
                <line number="33" hits="1" branch="False" />
                <line number="34" hits="1" branch="False" />
                <line number="35" hits="1" branch="False" />
                <line number="36" hits="1" branch="False" />
                <line number="37" hits="0" branch="False" />
                <line number="38" hits="0" branch="False" />
                <line number="39" hits="0" branch="False" />
                <line number="40" hits="0" branch="False" />
                <line number="42" hits="1" branch="False" />
                <line number="43" hits="1" branch="False" />
                <line number="44" hits="1" branch="False" />
                <line number="45" hits="1" branch="False" />
                <line number="46" hits="1" branch="False" />
                <line number="48" hits="1" branch="False" />
              </lines>
            </method>
          </methods>
          <lines>
            <line number="31" hits="1" branch="False" />
            <line number="33" hits="1" branch="False" />
            <line number="34" hits="1" branch="False" />
            <line number="35" hits="1" branch="False" />
            <line number="36" hits="1" branch="False" />
            <line number="37" hits="0" branch="False" />
            <line number="38" hits="0" branch="False" />
            <line number="39" hits="0" branch="False" />
            <line number="40" hits="0" branch="False" />
            <line number="42" hits="1" branch="False" />
            <line number="43" hits="1" branch="False" />
            <line number="44" hits="1" branch="False" />
            <line number="45" hits="1" branch="False" />
            <line number="46" hits="1" branch="False" />
            <line number="48" hits="1" branch="False" />
          </lines>
        </class>
        <class name="PLCUnifiedSimulator.Protocols.Mitsubishi.MitsubishiMCProtocol/&lt;ConnectUdpAsync&gt;d__13" filename="PLCUnifiedSimulator.Protocols.Mitsubishi\MitsubishiMCProtocol.cs" line-rate="1" branch-rate="1" complexity="1">
          <methods>
            <method name="MoveNext" signature="()" line-rate="1" branch-rate="1" complexity="1">
              <lines>
                <line number="51" hits="2" branch="False" />
                <line number="53" hits="2" branch="False" />
                <line number="54" hits="2" branch="False" />
                <line number="55" hits="2" branch="False" />
                <line number="56" hits="2" branch="False" />
                <line number="57" hits="2" branch="False" />
                <line number="58" hits="2" branch="False" />
              </lines>
            </method>
          </methods>
          <lines>
            <line number="51" hits="2" branch="False" />
            <line number="53" hits="2" branch="False" />
            <line number="54" hits="2" branch="False" />
            <line number="55" hits="2" branch="False" />
            <line number="56" hits="2" branch="False" />
            <line number="57" hits="2" branch="False" />
            <line number="58" hits="2" branch="False" />
          </lines>
        </class>
        <class name="PLCUnifiedSimulator.Protocols.Mitsubishi.MitsubishiMCProtocol/&lt;DisconnectAsync&gt;d__14" filename="PLCUnifiedSimulator.Protocols.Mitsubishi\MitsubishiMCProtocol.cs" line-rate="1" branch-rate="0.75" complexity="8">
          <methods>
            <method name="MoveNext" signature="()" line-rate="1" branch-rate="0.75" complexity="8">
              <lines>
                <line number="61" hits="2" branch="False" />
                <line number="62" hits="2" branch="False" />
                <line number="63" hits="2" branch="False" />
                <line number="64" hits="2" branch="False" />
                <line number="65" hits="2" branch="True" condition-coverage="50% (1/2)">
                  <conditions>
                    <condition number="100" type="jump" coverage="50%" />
                  </conditions>
                </line>
                <line number="66" hits="2" branch="True" condition-coverage="50% (1/2)">
                  <conditions>
                    <condition number="123" type="jump" coverage="50%" />
                  </conditions>
                </line>
                <line number="67" hits="2" branch="True" condition-coverage="100% (2/2)">
                  <conditions>
                    <condition number="146" type="jump" coverage="100%" />
                  </conditions>
                </line>
                <line number="68" hits="2" branch="True" condition-coverage="100% (2/2)">
                  <conditions>
                    <condition number="169" type="jump" coverage="100%" />
                  </conditions>
                </line>
                <line number="69" hits="2" branch="False" />
                <line number="70" hits="2" branch="False" />
                <line number="71" hits="2" branch="False" />
                <line number="72" hits="2" branch="False" />
                <line number="73" hits="2" branch="False" />
                <line number="74" hits="2" branch="False" />
                <line number="75" hits="2" branch="False" />
              </lines>
            </method>
          </methods>
          <lines>
            <line number="61" hits="2" branch="False" />
            <line number="62" hits="2" branch="False" />
            <line number="63" hits="2" branch="False" />
            <line number="64" hits="2" branch="False" />
            <line number="65" hits="2" branch="True" condition-coverage="50% (1/2)">
              <conditions>
                <condition number="100" type="jump" coverage="50%" />
              </conditions>
            </line>
            <line number="66" hits="2" branch="True" condition-coverage="50% (1/2)">
              <conditions>
                <condition number="123" type="jump" coverage="50%" />
              </conditions>
            </line>
            <line number="67" hits="2" branch="True" condition-coverage="100% (2/2)">
              <conditions>
                <condition number="146" type="jump" coverage="100%" />
              </conditions>
            </line>
            <line number="68" hits="2" branch="True" condition-coverage="100% (2/2)">
              <conditions>
                <condition number="169" type="jump" coverage="100%" />
              </conditions>
            </line>
            <line number="69" hits="2" branch="False" />
            <line number="70" hits="2" branch="False" />
            <line number="71" hits="2" branch="False" />
            <line number="72" hits="2" branch="False" />
            <line number="73" hits="2" branch="False" />
            <line number="74" hits="2" branch="False" />
            <line number="75" hits="2" branch="False" />
          </lines>
        </class>
        <class name="PLCUnifiedSimulator.Protocols.Mitsubishi.MitsubishiMCProtocol/&lt;ReadAsync&gt;d__15" filename="PLCUnifiedSimulator.Protocols.Mitsubishi\MitsubishiMCProtocol.cs" line-rate="0.1875" branch-rate="0.3333" complexity="6">
          <methods>
            <method name="MoveNext" signature="()" line-rate="0.1875" branch-rate="0.3333" complexity="6">
              <lines>
                <line number="78" hits="11" branch="False" />
                <line number="79" hits="11" branch="True" condition-coverage="50% (2/4)">
                  <conditions>
                    <condition number="27" type="jump" coverage="50%" />
                    <condition number="48" type="jump" coverage="50%" />
                  </conditions>
                </line>
                <line number="80" hits="11" branch="False" />
                <line number="81" hits="11" branch="False" />
                <line number="82" hits="11" branch="False" />
                <line number="86" hits="0" branch="False" />
                <line number="87" hits="0" branch="False" />
                <line number="90" hits="0" branch="False" />
                <line number="92" hits="0" branch="False" />
                <line number="93" hits="0" branch="False" />
                <line number="95" hits="0" branch="False" />
                <line number="96" hits="0" branch="False" />
                <line number="98" hits="0" branch="True" condition-coverage="0% (0/2)">
                  <conditions>
                    <condition number="548" type="jump" coverage="0%" />
                  </conditions>
                </line>
                <line number="99" hits="0" branch="False" />
                <line number="100" hits="0" branch="False" />
                <line number="101" hits="0" branch="False" />
                <line number="102" hits="0" branch="False" />
                <line number="105" hits="0" branch="False" />
                <line number="106" hits="0" branch="False" />
                <line number="108" hits="0" branch="False" />
                <line number="109" hits="0" branch="False" />
                <line number="111" hits="0" branch="False" />
                <line number="112" hits="0" branch="False" />
                <line number="114" hits="0" branch="False" />
                <line number="115" hits="0" branch="False" />
                <line number="117" hits="0" branch="False" />
                <line number="118" hits="0" branch="False" />
                <line number="120" hits="0" branch="False" />
                <line number="121" hits="0" branch="False" />
                <line number="122" hits="0" branch="False" />
                <line number="123" hits="0" branch="False" />
                <line number="125" hits="11" branch="False" />
              </lines>
            </method>
          </methods>
          <lines>
            <line number="78" hits="11" branch="False" />
            <line number="79" hits="11" branch="True" condition-coverage="50% (2/4)">
              <conditions>
                <condition number="27" type="jump" coverage="50%" />
                <condition number="48" type="jump" coverage="50%" />
              </conditions>
            </line>
            <line number="80" hits="11" branch="False" />
            <line number="81" hits="11" branch="False" />
            <line number="82" hits="11" branch="False" />
            <line number="86" hits="0" branch="False" />
            <line number="87" hits="0" branch="False" />
            <line number="90" hits="0" branch="False" />
            <line number="92" hits="0" branch="False" />
            <line number="93" hits="0" branch="False" />
            <line number="95" hits="0" branch="False" />
            <line number="96" hits="0" branch="False" />
            <line number="98" hits="0" branch="True" condition-coverage="0% (0/2)">
              <conditions>
                <condition number="548" type="jump" coverage="0%" />
              </conditions>
            </line>
            <line number="99" hits="0" branch="False" />
            <line number="100" hits="0" branch="False" />
            <line number="101" hits="0" branch="False" />
            <line number="102" hits="0" branch="False" />
            <line number="105" hits="0" branch="False" />
            <line number="106" hits="0" branch="False" />
            <line number="108" hits="0" branch="False" />
            <line number="109" hits="0" branch="False" />
            <line number="111" hits="0" branch="False" />
            <line number="112" hits="0" branch="False" />
            <line number="114" hits="0" branch="False" />
            <line number="115" hits="0" branch="False" />
            <line number="117" hits="0" branch="False" />
            <line number="118" hits="0" branch="False" />
            <line number="120" hits="0" branch="False" />
            <line number="121" hits="0" branch="False" />
            <line number="122" hits="0" branch="False" />
            <line number="123" hits="0" branch="False" />
            <line number="125" hits="11" branch="False" />
          </lines>
        </class>
        <class name="PLCUnifiedSimulator.Protocols.Mitsubishi.MitsubishiMCProtocol/&lt;WriteAsync&gt;d__16" filename="PLCUnifiedSimulator.Protocols.Mitsubishi\MitsubishiMCProtocol.cs" line-rate="0.1764" branch-rate="0.3333" complexity="6">
          <methods>
            <method name="MoveNext" signature="()" line-rate="0.1764" branch-rate="0.3333" complexity="6">
              <lines>
                <line number="128" hits="5" branch="False" />
                <line number="129" hits="5" branch="True" condition-coverage="50% (2/4)">
                  <conditions>
                    <condition number="27" type="jump" coverage="50%" />
                    <condition number="48" type="jump" coverage="50%" />
                  </conditions>
                </line>
                <line number="130" hits="5" branch="False" />
                <line number="131" hits="5" branch="False" />
                <line number="132" hits="5" branch="False" />
                <line number="136" hits="0" branch="False" />
                <line number="137" hits="0" branch="False" />
                <line number="140" hits="0" branch="False" />
                <line number="142" hits="0" branch="False" />
                <line number="143" hits="0" branch="False" />
                <line number="145" hits="0" branch="False" />
                <line number="146" hits="0" branch="False" />
                <line number="148" hits="0" branch="False" />
                <line number="149" hits="0" branch="True" condition-coverage="0% (0/2)">
                  <conditions>
                    <condition number="563" type="jump" coverage="0%" />
                  </conditions>
                </line>
                <line number="150" hits="0" branch="False" />
                <line number="151" hits="0" branch="False" />
                <line number="152" hits="0" branch="False" />
                <line number="154" hits="0" branch="False" />
                <line number="155" hits="0" branch="False" />
                <line number="156" hits="0" branch="False" />
                <line number="157" hits="0" branch="False" />
                <line number="159" hits="0" branch="False" />
                <line number="160" hits="0" branch="False" />
                <line number="162" hits="0" branch="False" />
                <line number="163" hits="0" branch="False" />
                <line number="165" hits="0" branch="False" />
                <line number="166" hits="0" branch="False" />
                <line number="168" hits="0" branch="False" />
                <line number="169" hits="0" branch="False" />
                <line number="171" hits="0" branch="False" />
                <line number="172" hits="0" branch="False" />
                <line number="173" hits="0" branch="False" />
                <line number="174" hits="0" branch="False" />
                <line number="176" hits="5" branch="False" />
              </lines>
            </method>
          </methods>
          <lines>
            <line number="128" hits="5" branch="False" />
            <line number="129" hits="5" branch="True" condition-coverage="50% (2/4)">
              <conditions>
                <condition number="27" type="jump" coverage="50%" />
                <condition number="48" type="jump" coverage="50%" />
              </conditions>
            </line>
            <line number="130" hits="5" branch="False" />
            <line number="131" hits="5" branch="False" />
            <line number="132" hits="5" branch="False" />
            <line number="136" hits="0" branch="False" />
            <line number="137" hits="0" branch="False" />
            <line number="140" hits="0" branch="False" />
            <line number="142" hits="0" branch="False" />
            <line number="143" hits="0" branch="False" />
            <line number="145" hits="0" branch="False" />
            <line number="146" hits="0" branch="False" />
            <line number="148" hits="0" branch="False" />
            <line number="149" hits="0" branch="True" condition-coverage="0% (0/2)">
              <conditions>
                <condition number="563" type="jump" coverage="0%" />
              </conditions>
            </line>
            <line number="150" hits="0" branch="False" />
            <line number="151" hits="0" branch="False" />
            <line number="152" hits="0" branch="False" />
            <line number="154" hits="0" branch="False" />
            <line number="155" hits="0" branch="False" />
            <line number="156" hits="0" branch="False" />
            <line number="157" hits="0" branch="False" />
            <line number="159" hits="0" branch="False" />
            <line number="160" hits="0" branch="False" />
            <line number="162" hits="0" branch="False" />
            <line number="163" hits="0" branch="False" />
            <line number="165" hits="0" branch="False" />
            <line number="166" hits="0" branch="False" />
            <line number="168" hits="0" branch="False" />
            <line number="169" hits="0" branch="False" />
            <line number="171" hits="0" branch="False" />
            <line number="172" hits="0" branch="False" />
            <line number="173" hits="0" branch="False" />
            <line number="174" hits="0" branch="False" />
            <line number="176" hits="5" branch="False" />
          </lines>
        </class>
        <class name="PLCUnifiedSimulator.Protocols.Mitsubishi.MitsubishiPLCSeriesInfo" filename="PLCUnifiedSimulator.Protocols.Mitsubishi\MitsubishiPLCSeries.cs" line-rate="1" branch-rate="1" complexity="27">
          <methods>
            <method name="get_Series" signature="()" line-rate="1" branch-rate="1" complexity="1">
              <lines>
                <line number="88" hits="353" branch="False" />
              </lines>
            </method>
            <method name="get_DefaultPort" signature="()" line-rate="1" branch-rate="1" complexity="1">
              <lines>
                <line number="89" hits="427" branch="False" />
              </lines>
            </method>
            <method name="get_IsBinaryProtocol" signature="()" line-rate="1" branch-rate="1" complexity="1">
              <lines>
                <line number="90" hits="353" branch="False" />
              </lines>
            </method>
            <method name="get_NetworkNumber" signature="()" line-rate="1" branch-rate="1" complexity="1">
              <lines>
                <line number="91" hits="341" branch="False" />
              </lines>
            </method>
            <method name="get_StationNumber" signature="()" line-rate="1" branch-rate="1" complexity="1">
              <lines>
                <line number="92" hits="341" branch="False" />
              </lines>
            </method>
            <method name="get_ModuleIONumber" signature="()" line-rate="1" branch-rate="1" complexity="1">
              <lines>
                <line number="93" hits="341" branch="False" />
              </lines>
            </method>
            <method name="get_MultiDropStationNumber" signature="()" line-rate="1" branch-rate="1" complexity="1">
              <lines>
                <line number="94" hits="341" branch="False" />
              </lines>
            </method>
            <method name="get_SupportedDevices" signature="()" line-rate="1" branch-rate="1" complexity="1">
              <lines>
                <line number="95" hits="1382" branch="False" />
              </lines>
            </method>
            <method name="get_Description" signature="()" line-rate="1" branch-rate="1" complexity="1">
              <lines>
                <line number="96" hits="793" branch="False" />
              </lines>
            </method>
            <method name="GetSeriesInfo" signature="(PLCUnifiedSimulator.Protocols.Mitsubishi.MitsubishiPLCSeries)" line-rate="1" branch-rate="1" complexity="13">
              <lines>
                <line number="99" hits="342" branch="False" />
                <line number="100" hits="342" branch="True" condition-coverage="100% (13/13)">
                  <conditions>
                    <condition number="6" type="switch" coverage="100%" />
                  </conditions>
                </line>
                <line number="101" hits="342" branch="False" />
                <line number="102" hits="342" branch="False" />
                <line number="103" hits="124" branch="False" />
                <line number="104" hits="124" branch="False" />
                <line number="105" hits="124" branch="False" />
                <line number="106" hits="124" branch="False" />
                <line number="107" hits="124" branch="False" />
                <line number="108" hits="124" branch="False" />
                <line number="109" hits="124" branch="False" />
                <line number="110" hits="124" branch="False" />
                <line number="111" hits="124" branch="False" />
                <line number="112" hits="124" branch="False" />
                <line number="113" hits="124" branch="False" />
                <line number="114" hits="124" branch="False" />
                <line number="115" hits="18" branch="False" />
                <line number="116" hits="18" branch="False" />
                <line number="117" hits="18" branch="False" />
                <line number="118" hits="18" branch="False" />
                <line number="119" hits="18" branch="False" />
                <line number="120" hits="18" branch="False" />
                <line number="121" hits="18" branch="False" />
                <line number="122" hits="18" branch="False" />
                <line number="123" hits="18" branch="False" />
                <line number="124" hits="18" branch="False" />
                <line number="125" hits="18" branch="False" />
                <line number="126" hits="18" branch="False" />
                <line number="127" hits="18" branch="False" />
                <line number="128" hits="18" branch="False" />
                <line number="129" hits="18" branch="False" />
                <line number="130" hits="18" branch="False" />
                <line number="131" hits="18" branch="False" />
                <line number="132" hits="18" branch="False" />
                <line number="133" hits="18" branch="False" />
                <line number="134" hits="18" branch="False" />
                <line number="135" hits="18" branch="False" />
                <line number="136" hits="18" branch="False" />
                <line number="137" hits="18" branch="False" />
                <line number="138" hits="18" branch="False" />
                <line number="139" hits="342" branch="False" />
                <line number="140" hits="342" branch="False" />
                <line number="141" hits="18" branch="False" />
                <line number="142" hits="18" branch="False" />
                <line number="143" hits="18" branch="False" />
                <line number="144" hits="18" branch="False" />
                <line number="145" hits="18" branch="False" />
                <line number="146" hits="18" branch="False" />
                <line number="147" hits="18" branch="False" />
                <line number="148" hits="18" branch="False" />
                <line number="149" hits="18" branch="False" />
                <line number="150" hits="18" branch="False" />
                <line number="151" hits="18" branch="False" />
                <line number="152" hits="18" branch="False" />
                <line number="153" hits="18" branch="False" />
                <line number="154" hits="18" branch="False" />
                <line number="155" hits="18" branch="False" />
                <line number="156" hits="18" branch="False" />
                <line number="157" hits="18" branch="False" />
                <line number="158" hits="18" branch="False" />
                <line number="159" hits="18" branch="False" />
                <line number="160" hits="18" branch="False" />
                <line number="161" hits="18" branch="False" />
                <line number="162" hits="18" branch="False" />
                <line number="163" hits="18" branch="False" />
                <line number="164" hits="18" branch="False" />
                <line number="165" hits="18" branch="False" />
                <line number="166" hits="18" branch="False" />
                <line number="167" hits="18" branch="False" />
                <line number="168" hits="18" branch="False" />
                <line number="169" hits="18" branch="False" />
                <line number="170" hits="18" branch="False" />
                <line number="171" hits="18" branch="False" />
                <line number="172" hits="18" branch="False" />
                <line number="173" hits="18" branch="False" />
                <line number="174" hits="18" branch="False" />
                <line number="175" hits="18" branch="False" />
                <line number="176" hits="18" branch="False" />
                <line number="177" hits="342" branch="False" />
                <line number="178" hits="342" branch="False" />
                <line number="179" hits="28" branch="False" />
                <line number="180" hits="28" branch="False" />
                <line number="181" hits="28" branch="False" />
                <line number="182" hits="28" branch="False" />
                <line number="183" hits="28" branch="False" />
                <line number="184" hits="28" branch="False" />
                <line number="185" hits="28" branch="False" />
                <line number="186" hits="28" branch="False" />
                <line number="187" hits="28" branch="False" />
                <line number="188" hits="28" branch="False" />
                <line number="189" hits="28" branch="False" />
                <line number="190" hits="28" branch="False" />
                <line number="191" hits="18" branch="False" />
                <line number="192" hits="18" branch="False" />
                <line number="193" hits="18" branch="False" />
                <line number="194" hits="18" branch="False" />
                <line number="195" hits="18" branch="False" />
                <line number="196" hits="18" branch="False" />
                <line number="197" hits="18" branch="False" />
                <line number="198" hits="18" branch="False" />
                <line number="199" hits="18" branch="False" />
                <line number="200" hits="18" branch="False" />
                <line number="201" hits="18" branch="False" />
                <line number="202" hits="18" branch="False" />
                <line number="203" hits="342" branch="False" />
                <line number="204" hits="342" branch="False" />
                <line number="205" hits="17" branch="False" />
                <line number="206" hits="17" branch="False" />
                <line number="207" hits="17" branch="False" />
                <line number="208" hits="17" branch="False" />
                <line number="209" hits="17" branch="False" />
                <line number="210" hits="17" branch="False" />
                <line number="211" hits="17" branch="False" />
                <line number="212" hits="17" branch="False" />
                <line number="213" hits="17" branch="False" />
                <line number="214" hits="17" branch="False" />
                <line number="215" hits="17" branch="False" />
                <line number="216" hits="17" branch="False" />
                <line number="217" hits="17" branch="False" />
                <line number="218" hits="17" branch="False" />
                <line number="219" hits="17" branch="False" />
                <line number="220" hits="17" branch="False" />
                <line number="221" hits="17" branch="False" />
                <line number="222" hits="17" branch="False" />
                <line number="223" hits="17" branch="False" />
                <line number="224" hits="17" branch="False" />
                <line number="225" hits="17" branch="False" />
                <line number="226" hits="17" branch="False" />
                <line number="227" hits="17" branch="False" />
                <line number="228" hits="17" branch="False" />
                <line number="229" hits="342" branch="False" />
                <line number="230" hits="342" branch="False" />
                <line number="231" hits="17" branch="False" />
                <line number="232" hits="17" branch="False" />
                <line number="233" hits="17" branch="False" />
                <line number="234" hits="17" branch="False" />
                <line number="235" hits="17" branch="False" />
                <line number="236" hits="17" branch="False" />
                <line number="237" hits="17" branch="False" />
                <line number="238" hits="17" branch="False" />
                <line number="239" hits="17" branch="False" />
                <line number="240" hits="17" branch="False" />
                <line number="241" hits="17" branch="False" />
                <line number="242" hits="17" branch="False" />
                <line number="243" hits="342" branch="False" />
                <line number="244" hits="342" branch="False" />
                <line number="245" hits="30" branch="False" />
                <line number="246" hits="30" branch="False" />
                <line number="247" hits="30" branch="False" />
                <line number="248" hits="30" branch="False" />
                <line number="249" hits="30" branch="False" />
                <line number="250" hits="30" branch="False" />
                <line number="251" hits="30" branch="False" />
                <line number="252" hits="30" branch="False" />
                <line number="253" hits="30" branch="False" />
                <line number="254" hits="30" branch="False" />
                <line number="255" hits="30" branch="False" />
                <line number="256" hits="30" branch="False" />
                <line number="257" hits="342" branch="False" />
                <line number="258" hits="1" branch="False" />
                <line number="259" hits="342" branch="False" />
                <line number="260" hits="341" branch="False" />
              </lines>
            </method>
            <method name="GetQLiQRDevices" signature="()" line-rate="1" branch-rate="1" complexity="1">
              <lines>
                <line number="264" hits="214" branch="False" />
                <line number="265" hits="214" branch="False" />
                <line number="266" hits="214" branch="False" />
                <line number="267" hits="214" branch="False" />
                <line number="268" hits="214" branch="False" />
                <line number="269" hits="214" branch="False" />
                <line number="270" hits="214" branch="False" />
                <line number="271" hits="214" branch="False" />
                <line number="272" hits="214" branch="False" />
                <line number="273" hits="214" branch="False" />
                <line number="274" hits="214" branch="False" />
                <line number="275" hits="214" branch="False" />
                <line number="276" hits="214" branch="False" />
                <line number="277" hits="214" branch="False" />
                <line number="278" hits="214" branch="False" />
                <line number="279" hits="214" branch="False" />
                <line number="280" hits="214" branch="False" />
                <line number="281" hits="214" branch="False" />
                <line number="282" hits="214" branch="False" />
                <line number="283" hits="214" branch="False" />
                <line number="284" hits="214" branch="False" />
                <line number="285" hits="214" branch="False" />
                <line number="286" hits="214" branch="False" />
                <line number="287" hits="214" branch="False" />
                <line number="288" hits="214" branch="False" />
                <line number="289" hits="214" branch="False" />
                <line number="290" hits="214" branch="False" />
                <line number="291" hits="214" branch="False" />
                <line number="292" hits="214" branch="False" />
                <line number="293" hits="214" branch="False" />
                <line number="294" hits="214" branch="False" />
                <line number="295" hits="214" branch="False" />
              </lines>
            </method>
            <method name="GetFX5UDevices" signature="()" line-rate="1" branch-rate="1" complexity="1">
              <lines>
                <line number="299" hits="46" branch="False" />
                <line number="300" hits="46" branch="False" />
                <line number="301" hits="46" branch="False" />
                <line number="302" hits="46" branch="False" />
                <line number="303" hits="46" branch="False" />
                <line number="304" hits="46" branch="False" />
                <line number="305" hits="46" branch="False" />
                <line number="306" hits="46" branch="False" />
                <line number="307" hits="46" branch="False" />
                <line number="308" hits="46" branch="False" />
                <line number="309" hits="46" branch="False" />
                <line number="310" hits="46" branch="False" />
                <line number="311" hits="46" branch="False" />
                <line number="312" hits="46" branch="False" />
                <line number="313" hits="46" branch="False" />
                <line number="314" hits="46" branch="False" />
                <line number="315" hits="46" branch="False" />
                <line number="316" hits="46" branch="False" />
                <line number="317" hits="46" branch="False" />
                <line number="318" hits="46" branch="False" />
                <line number="319" hits="46" branch="False" />
                <line number="320" hits="46" branch="False" />
                <line number="321" hits="46" branch="False" />
                <line number="322" hits="46" branch="False" />
                <line number="323" hits="46" branch="False" />
                <line number="324" hits="46" branch="False" />
                <line number="325" hits="46" branch="False" />
                <line number="326" hits="46" branch="False" />
                <line number="327" hits="46" branch="False" />
                <line number="328" hits="46" branch="False" />
                <line number="329" hits="46" branch="False" />
              </lines>
            </method>
            <method name="GetQnADevices" signature="()" line-rate="1" branch-rate="1" complexity="1">
              <lines>
                <line number="333" hits="34" branch="False" />
                <line number="334" hits="34" branch="False" />
                <line number="335" hits="34" branch="False" />
                <line number="336" hits="34" branch="False" />
                <line number="337" hits="34" branch="False" />
                <line number="338" hits="34" branch="False" />
                <line number="339" hits="34" branch="False" />
[...]
                <line number="200" hits="15" branch="False" />
                <line number="201" hits="0" branch="False" />
                <line number="202" hits="0" branch="False" />
                <line number="203" hits="0" branch="False" />
                <line number="204" hits="0" branch="False" />
                <line number="205" hits="30" branch="False" />
              </lines>
            </method>
          </methods>
          <lines>
            <line number="196" hits="15" branch="False" />
            <line number="198" hits="15" branch="False" />
            <line number="199" hits="15" branch="False" />
            <line number="200" hits="15" branch="False" />
            <line number="201" hits="0" branch="False" />
            <line number="202" hits="0" branch="False" />
            <line number="203" hits="0" branch="False" />
            <line number="204" hits="0" branch="False" />
            <line number="205" hits="30" branch="False" />
          </lines>
        </class>
        <class name="PLCUnifiedSimulator.Simulators.PLCSimulatorBase/&lt;AcceptClientsAsync&gt;d__24" filename="PLCUnifiedSimulator.Simulators\PLCSimulatorBase.cs" line-rate="1" branch-rate="1" complexity="4">
          <methods>
            <method name="MoveNext" signature="()" line-rate="1" branch-rate="1" complexity="4">
              <lines>
                <line number="143" hits="8" branch="False" />
                <line number="145" hits="8" branch="False" />
                <line number="146" hits="8" branch="False" />
                <line number="147" hits="9" branch="True" condition-coverage="100% (4/4)">
                  <conditions>
                    <condition number="426" type="jump" coverage="100%" />
                    <condition number="405" type="jump" coverage="100%" />
                  </conditions>
                </line>
                <line number="148" hits="8" branch="False" />
                <line number="149" hits="8" branch="False" />
                <line number="150" hits="1" branch="False" />
                <line number="151" hits="1" branch="False" />
                <line number="154" hits="1" branch="False" />
                <line number="156" hits="1" branch="False" />
                <line number="164" hits="1" branch="False" />
                <line number="170" hits="1" branch="False" />
                <line number="171" hits="1" branch="False" />
                <line number="172" hits="2" branch="False" />
                <line number="173" hits="2" branch="False" />
                <line number="175" hits="2" branch="False" />
                <line number="176" hits="2" branch="False" />
                <line number="177" hits="5" branch="False" />
                <line number="178" hits="5" branch="False" />
                <line number="179" hits="5" branch="False" />
                <line number="180" hits="5" branch="False" />
                <line number="181" hits="8" branch="False" />
              </lines>
            </method>
          </methods>
          <lines>
            <line number="143" hits="8" branch="False" />
            <line number="145" hits="8" branch="False" />
            <line number="146" hits="8" branch="False" />
            <line number="147" hits="9" branch="True" condition-coverage="100% (4/4)">
              <conditions>
                <condition number="426" type="jump" coverage="100%" />
                <condition number="405" type="jump" coverage="100%" />
              </conditions>
            </line>
            <line number="148" hits="8" branch="False" />
            <line number="149" hits="8" branch="False" />
            <line number="150" hits="1" branch="False" />
            <line number="151" hits="1" branch="False" />
            <line number="154" hits="1" branch="False" />
            <line number="156" hits="1" branch="False" />
            <line number="164" hits="1" branch="False" />
            <line number="170" hits="1" branch="False" />
            <line number="171" hits="1" branch="False" />
            <line number="172" hits="2" branch="False" />
            <line number="173" hits="2" branch="False" />
            <line number="175" hits="2" branch="False" />
            <line number="176" hits="2" branch="False" />
            <line number="177" hits="5" branch="False" />
            <line number="178" hits="5" branch="False" />
            <line number="179" hits="5" branch="False" />
            <line number="180" hits="5" branch="False" />
            <line number="181" hits="8" branch="False" />
          </lines>
        </class>
        <class name="PLCUnifiedSimulator.Simulators.PLCSimulatorBase/&lt;AcceptUdpClientsAsync&gt;d__25" filename="PLCUnifiedSimulator.Simulators\PLCSimulatorBase.cs" line-rate="0.8095" branch-rate="1" complexity="4">
          <methods>
            <method name="MoveNext" signature="()" line-rate="0.8095" branch-rate="1" complexity="4">
              <lines>
                <line number="184" hits="18" branch="False" />
                <line number="186" hits="18" branch="False" />
                <line number="187" hits="18" branch="False" />
                <line number="188" hits="18" branch="False" />
                <line number="189" hits="33" branch="True" condition-coverage="100% (4/4)">
                  <conditions>
                    <condition number="446" type="jump" coverage="100%" />
                    <condition number="425" type="jump" coverage="100%" />
                  </conditions>
                </line>
                <line number="190" hits="22" branch="False" />
                <line number="191" hits="22" branch="False" />
                <line number="192" hits="15" branch="False" />
                <line number="195" hits="15" branch="False" />
                <line number="197" hits="15" branch="False" />
                <line number="206" hits="15" branch="False" />
                <line number="207" hits="11" branch="False" />
                <line number="208" hits="0" branch="False" />
                <line number="209" hits="0" branch="False" />
                <line number="211" hits="0" branch="False" />
                <line number="212" hits="0" branch="False" />
                <line number="213" hits="7" branch="False" />
                <line number="214" hits="7" branch="False" />
                <line number="215" hits="7" branch="False" />
                <line number="216" hits="7" branch="False" />
                <line number="217" hits="18" branch="False" />
              </lines>
            </method>
          </methods>
          <lines>
            <line number="184" hits="18" branch="False" />
            <line number="186" hits="18" branch="False" />
            <line number="187" hits="18" branch="False" />
            <line number="188" hits="18" branch="False" />
            <line number="189" hits="33" branch="True" condition-coverage="100% (4/4)">
              <conditions>
                <condition number="446" type="jump" coverage="100%" />
                <condition number="425" type="jump" coverage="100%" />
              </conditions>
            </line>
            <line number="190" hits="22" branch="False" />
            <line number="191" hits="22" branch="False" />
            <line number="192" hits="15" branch="False" />
            <line number="195" hits="15" branch="False" />
            <line number="197" hits="15" branch="False" />
            <line number="206" hits="15" branch="False" />
            <line number="207" hits="11" branch="False" />
            <line number="208" hits="0" branch="False" />
            <line number="209" hits="0" branch="False" />
            <line number="211" hits="0" branch="False" />
            <line number="212" hits="0" branch="False" />
            <line number="213" hits="7" branch="False" />
            <line number="214" hits="7" branch="False" />
            <line number="215" hits="7" branch="False" />
            <line number="216" hits="7" branch="False" />
            <line number="217" hits="18" branch="False" />
          </lines>
        </class>
        <class name="PLCUnifiedSimulator.Simulators.PLCSimulatorBase/&lt;StartAsync&gt;d__17" filename="PLCUnifiedSimulator.Simulators\PLCSimulatorBase.cs" line-rate="0.85" branch-rate="0.5" complexity="2">
          <methods>
            <method name="MoveNext" signature="()" line-rate="0.85" branch-rate="0.5" complexity="2">
              <lines>
                <line number="36" hits="9" branch="False" />
                <line number="37" hits="9" branch="True" condition-coverage="50% (1/2)">
                  <conditions>
                    <condition number="31" type="jump" coverage="50%" />
                  </conditions>
                </line>
                <line number="38" hits="0" branch="False" />
                <line number="39" hits="0" branch="False" />
                <line number="40" hits="0" branch="False" />
                <line number="44" hits="9" branch="False" />
                <line number="45" hits="9" branch="False" />
                <line number="46" hits="9" branch="False" />
                <line number="47" hits="9" branch="False" />
                <line number="48" hits="9" branch="False" />
                <line number="49" hits="8" branch="False" />
                <line number="51" hits="8" branch="False" />
                <line number="55" hits="8" branch="False" />
                <line number="56" hits="8" branch="False" />
                <line number="57" hits="1" branch="False" />
                <line number="58" hits="1" branch="False" />
                <line number="59" hits="1" branch="False" />
                <line number="60" hits="1" branch="False" />
                <line number="61" hits="1" branch="False" />
                <line number="62" hits="9" branch="False" />
              </lines>
            </method>
          </methods>
          <lines>
            <line number="36" hits="9" branch="False" />
            <line number="37" hits="9" branch="True" condition-coverage="50% (1/2)">
              <conditions>
                <condition number="31" type="jump" coverage="50%" />
              </conditions>
            </line>
            <line number="38" hits="0" branch="False" />
            <line number="39" hits="0" branch="False" />
            <line number="40" hits="0" branch="False" />
            <line number="44" hits="9" branch="False" />
            <line number="45" hits="9" branch="False" />
            <line number="46" hits="9" branch="False" />
            <line number="47" hits="9" branch="False" />
            <line number="48" hits="9" branch="False" />
            <line number="49" hits="8" branch="False" />
            <line number="51" hits="8" branch="False" />
            <line number="55" hits="8" branch="False" />
            <line number="56" hits="8" branch="False" />
            <line number="57" hits="1" branch="False" />
            <line number="58" hits="1" branch="False" />
            <line number="59" hits="1" branch="False" />
            <line number="60" hits="1" branch="False" />
            <line number="61" hits="1" branch="False" />
            <line number="62" hits="9" branch="False" />
          </lines>
        </class>
        <class name="PLCUnifiedSimulator.Simulators.PLCSimulatorBase/&lt;StartBothAsync&gt;d__19" filename="PLCUnifiedSimulator.Simulators\PLCSimulatorBase.cs" line-rate="1" branch-rate="1" complexity="1">
          <methods>
            <method name="MoveNext" signature="()" line-rate="1" branch-rate="1" complexity="1">
              <lines>
                <line number="93" hits="4" branch="False" />
                <line number="94" hits="4" branch="False" />
                <line number="95" hits="4" branch="False" />
                <line number="96" hits="4" branch="False" />
                <line number="97" hits="4" branch="False" />
                <line number="98" hits="4" branch="False" />
              </lines>
            </method>
          </methods>
          <lines>
            <line number="93" hits="4" branch="False" />
            <line number="94" hits="4" branch="False" />
            <line number="95" hits="4" branch="False" />
            <line number="96" hits="4" branch="False" />
            <line number="97" hits="4" branch="False" />
            <line number="98" hits="4" branch="False" />
          </lines>
        </class>
        <class name="PLCUnifiedSimulator.Simulators.PLCSimulatorBase/&lt;StartUdpAsync&gt;d__18" filename="PLCUnifiedSimulator.Simulators\PLCSimulatorBase.cs" line-rate="0.7368000000000001" branch-rate="1" complexity="4">
          <methods>
            <method name="MoveNext" signature="()" line-rate="0.7368000000000001" branch-rate="1" complexity="4">
              <lines>
                <line number="65" hits="19" branch="False" />
                <line number="66" hits="19" branch="True" condition-coverage="100% (2/2)">
                  <conditions>
                    <condition number="31" type="jump" coverage="100%" />
                  </conditions>
                </line>
                <line number="67" hits="1" branch="False" />
                <line number="68" hits="1" branch="False" />
                <line number="69" hits="1" branch="False" />
                <line number="73" hits="18" branch="False" />
                <line number="74" hits="18" branch="False" />
                <line number="75" hits="18" branch="True" condition-coverage="100% (2/2)">
                  <conditions>
                    <condition number="127" type="jump" coverage="100%" />
                  </conditions>
                </line>
                <line number="76" hits="18" branch="False" />
                <line number="77" hits="18" branch="False" />
                <line number="78" hits="18" branch="False" />
                <line number="80" hits="18" branch="False" />
                <line number="84" hits="18" branch="False" />
                <line number="85" hits="0" branch="False" />
                <line number="86" hits="0" branch="False" />
                <line number="87" hits="0" branch="False" />
                <line number="88" hits="0" branch="False" />
                <line number="89" hits="0" branch="False" />
                <line number="90" hits="19" branch="False" />
              </lines>
            </method>
          </methods>
          <lines>
            <line number="65" hits="19" branch="False" />
            <line number="66" hits="19" branch="True" condition-coverage="100% (2/2)">
              <conditions>
                <condition number="31" type="jump" coverage="100%" />
              </conditions>
            </line>
            <line number="67" hits="1" branch="False" />
            <line number="68" hits="1" branch="False" />
            <line number="69" hits="1" branch="False" />
            <line number="73" hits="18" branch="False" />
            <line number="74" hits="18" branch="False" />
            <line number="75" hits="18" branch="True" condition-coverage="100% (2/2)">
              <conditions>
                <condition number="127" type="jump" coverage="100%" />
              </conditions>
            </line>
            <line number="76" hits="18" branch="False" />
            <line number="77" hits="18" branch="False" />
            <line number="78" hits="18" branch="False" />
            <line number="80" hits="18" branch="False" />
            <line number="84" hits="18" branch="False" />
            <line number="85" hits="0" branch="False" />
            <line number="86" hits="0" branch="False" />
            <line number="87" hits="0" branch="False" />
            <line number="88" hits="0" branch="False" />
            <line number="89" hits="0" branch="False" />
            <line number="90" hits="19" branch="False" />
          </lines>
        </class>
        <class name="PLCUnifiedSimulator.Simulators.PLCSimulatorBase/&lt;StopAsync&gt;d__20" filename="PLCUnifiedSimulator.Simulators\PLCSimulatorBase.cs" line-rate="1" branch-rate="0.875" complexity="8">
          <methods>
            <method name="MoveNext" signature="()" line-rate="1" branch-rate="0.875" complexity="8">
              <lines>
                <line number="101" hits="106" branch="False" />
                <line number="102" hits="106" branch="True" condition-coverage="100% (2/2)">
                  <conditions>
                    <condition number="34" type="jump" coverage="100%" />
                  </conditions>
                </line>
                <line number="103" hits="84" branch="False" />
                <line number="104" hits="84" branch="False" />
                <line number="105" hits="84" branch="False" />
                <line number="108" hits="22" branch="False" />
                <line number="109" hits="22" branch="False" />
                <line number="110" hits="22" branch="False" />
                <line number="111" hits="22" branch="False" />
                <line number="112" hits="22" branch="True" condition-coverage="50% (1/2)">
                  <conditions>
                    <condition number="163" type="jump" coverage="50%" />
                  </conditions>
                </line>
                <line number="113" hits="22" branch="True" condition-coverage="100% (2/2)">
                  <conditions>
                    <condition number="186" type="jump" coverage="100%" />
                  </conditions>
                </line>
                <line number="114" hits="22" branch="True" condition-coverage="100% (2/2)">
                  <conditions>
                    <condition number="209" type="jump" coverage="100%" />
                  </conditions>
                </line>
                <line number="115" hits="22" branch="False" />
                <line number="117" hits="22" branch="False" />
                <line number="118" hits="22" branch="False" />
                <line number="119" hits="106" branch="False" />
              </lines>
            </method>
          </methods>
          <lines>
            <line number="101" hits="106" branch="False" />
            <line number="102" hits="106" branch="True" condition-coverage="100% (2/2)">
              <conditions>
                <condition number="34" type="jump" coverage="100%" />
              </conditions>
            </line>
            <line number="103" hits="84" branch="False" />
            <line number="104" hits="84" branch="False" />
            <line number="105" hits="84" branch="False" />
            <line number="108" hits="22" branch="False" />
            <line number="109" hits="22" branch="False" />
            <line number="110" hits="22" branch="False" />
            <line number="111" hits="22" branch="False" />
            <line number="112" hits="22" branch="True" condition-coverage="50% (1/2)">
              <conditions>
                <condition number="163" type="jump" coverage="50%" />
              </conditions>
            </line>
            <line number="113" hits="22" branch="True" condition-coverage="100% (2/2)">
              <conditions>
                <condition number="186" type="jump" coverage="100%" />
              </conditions>
            </line>
            <line number="114" hits="22" branch="True" condition-coverage="100% (2/2)">
              <conditions>
                <condition number="209" type="jump" coverage="100%" />
              </conditions>
            </line>
            <line number="115" hits="22" branch="False" />
            <line number="117" hits="22" branch="False" />
            <line number="118" hits="22" branch="False" />
            <line number="119" hits="106" branch="False" />
          </lines>
        </class>
      </classes>
    </package>
  </packages>
</coverage>